2016-11-15 12:56:48,860 INFO [main] c.h.k.o.l.App [StartupInfoLogger.java:48] Starting App v1.0-SNAPSHOT on share-ThinkCentre-E73 with PID 25296 (/home/share/IdeaProjects/k8s-oam/api/logapi/target/api.logapi-1.0-SNAPSHOT.jar started by share in /home/share/IdeaProjects/k8s-oam)
2016-11-15 12:56:48,863 INFO [main] c.h.k.o.l.App [SpringApplication.java:665] The following profiles are active: dev
2016-11-15 12:56:48,945 INFO [main] o.s.b.c.e.AnnotationConfigEmbeddedWebApplicationContext [AbstractApplicationContext.java:581] Refreshing org.springframework.boot.context.embedded.AnnotationConfigEmbeddedWebApplicationContext@7e32c033: startup date [Tue Nov 15 12:56:48 CST 2016]; root of context hierarchy
2016-11-15 12:56:49,187 INFO [background-preinit] o.h.v.i.u.Version [Version.java:30] HV000001: Hibernate Validator 5.2.4.Final
2016-11-15 12:56:49,811 INFO [main] o.s.c.s.PostProcessorRegistrationDelegate$BeanPostProcessorChecker [PostProcessorRegistrationDelegate.java:328] Bean 'org.springframework.transaction.annotation.ProxyTransactionManagementConfiguration' of type [class org.springframework.transaction.annotation.ProxyTransactionManagementConfiguration$$EnhancerBySpringCGLIB$$70a1f8a5] is not eligible for getting processed by all BeanPostProcessors (for example: not eligible for auto-proxying)
2016-11-15 12:56:50,203 INFO [main] o.s.b.c.e.t.TomcatEmbeddedServletContainer [TomcatEmbeddedServletContainer.java:87] Tomcat initialized with port(s): 8081 (http)
2016-11-15 12:56:50,215 INFO [main] o.a.c.c.StandardService [DirectJDKLog.java:179] Starting service Tomcat
2016-11-15 12:56:50,216 INFO [main] o.a.c.c.StandardEngine [DirectJDKLog.java:179] Starting Servlet Engine: Apache Tomcat/8.5.5
2016-11-15 12:56:50,282 INFO [localhost-startStop-1] o.a.c.c.C.[.[.[/] [DirectJDKLog.java:179] Initializing Spring embedded WebApplicationContext
2016-11-15 12:56:50,283 INFO [localhost-startStop-1] o.s.w.c.ContextLoader [EmbeddedWebApplicationContext.java:276] Root WebApplicationContext: initialization completed in 1339 ms
2016-11-15 12:56:50,392 INFO [localhost-startStop-1] o.s.b.w.s.ServletRegistrationBean [ServletRegistrationBean.java:190] Mapping servlet: 'dispatcherServlet' to [/]
2016-11-15 12:56:50,396 INFO [localhost-startStop-1] o.s.b.w.s.FilterRegistrationBean [AbstractFilterRegistrationBean.java:258] Mapping filter: 'characterEncodingFilter' to: [/*]
2016-11-15 12:56:50,398 INFO [localhost-startStop-1] o.s.b.w.s.FilterRegistrationBean [AbstractFilterRegistrationBean.java:258] Mapping filter: 'hiddenHttpMethodFilter' to: [/*]
2016-11-15 12:56:50,398 INFO [localhost-startStop-1] o.s.b.w.s.FilterRegistrationBean [AbstractFilterRegistrationBean.java:258] Mapping filter: 'httpPutFormContentFilter' to: [/*]
2016-11-15 12:56:50,398 INFO [localhost-startStop-1] o.s.b.w.s.FilterRegistrationBean [AbstractFilterRegistrationBean.java:258] Mapping filter: 'requestContextFilter' to: [/*]
2016-11-15 12:56:50,762 INFO [main] o.s.w.s.m.m.a.RequestMappingHandlerAdapter [RequestMappingHandlerAdapter.java:534] Looking for @ControllerAdvice: org.springframework.boot.context.embedded.AnnotationConfigEmbeddedWebApplicationContext@7e32c033: startup date [Tue Nov 15 12:56:48 CST 2016]; root of context hierarchy
2016-11-15 12:56:50,820 INFO [main] o.s.w.s.m.m.a.RequestMappingHandlerMapping [AbstractHandlerMethodMapping.java:543] Mapped "{[/api/log/monitor]}" onto public java.util.List<cn.harmonycloud.k8s.oam.logapi.domain.LogMonitorConfig> cn.harmonycloud.k8s.oam.logapi.apiserver.LogController.monitor()
2016-11-15 12:56:50,821 INFO [main] o.s.w.s.m.m.a.RequestMappingHandlerMapping [AbstractHandlerMethodMapping.java:543] Mapped "{[/api/log/setmonitor],methods=[POST]}" onto public cn.harmonycloud.k8s.oam.logapi.domain.LogMonitorConfig cn.harmonycloud.k8s.oam.logapi.apiserver.LogController.setmonitor(cn.harmonycloud.k8s.oam.logapi.domain.LogMonitorConfig)
2016-11-15 12:56:50,821 INFO [main] o.s.w.s.m.m.a.RequestMappingHandlerMapping [AbstractHandlerMethodMapping.java:543] Mapped "{[/api/log/setalerttype],methods=[POST]}" onto public cn.harmonycloud.k8s.oam.logapi.dto.AlertType cn.harmonycloud.k8s.oam.logapi.apiserver.LogController.setalerttype(cn.harmonycloud.k8s.oam.logapi.dto.AlertType)
2016-11-15 12:56:50,821 INFO [main] o.s.w.s.m.m.a.RequestMappingHandlerMapping [AbstractHandlerMethodMapping.java:543] Mapped "{[/api/log/alerttype]}" onto public java.lang.String cn.harmonycloud.k8s.oam.logapi.apiserver.LogController.alerttype()
2016-11-15 12:56:50,822 INFO [main] o.s.w.s.m.m.a.RequestMappingHandlerMapping [AbstractHandlerMethodMapping.java:543] Mapped "{[/api/log/setalertemail],methods=[POST]}" onto public cn.harmonycloud.k8s.oam.logapi.domain.MailInfo cn.harmonycloud.k8s.oam.logapi.apiserver.LogController.setalertemail(cn.harmonycloud.k8s.oam.logapi.domain.MailInfo)
2016-11-15 12:56:50,822 INFO [main] o.s.w.s.m.m.a.RequestMappingHandlerMapping [AbstractHandlerMethodMapping.java:543] Mapped "{[/api/log/alertemail]}" onto public cn.harmonycloud.k8s.oam.logapi.domain.MailInfo cn.harmonycloud.k8s.oam.logapi.apiserver.LogController.alertemail()
2016-11-15 12:56:50,822 INFO [main] o.s.w.s.m.m.a.RequestMappingHandlerMapping [AbstractHandlerMethodMapping.java:543] Mapped "{[/api/log/greeting]}" onto public cn.harmonycloud.k8s.oam.logapi.apiserver.Greeting cn.harmonycloud.k8s.oam.logapi.apiserver.GreetingController.greeting(java.lang.String)
2016-11-15 12:56:50,823 INFO [main] o.s.w.s.m.m.a.RequestMappingHandlerMapping [AbstractHandlerMethodMapping.java:543] Mapped "{[/api/log/profile]}" onto public java.lang.String cn.harmonycloud.k8s.oam.logapi.apiserver.GreetingController.getProfile()
2016-11-15 12:56:50,825 INFO [main] o.s.w.s.m.m.a.RequestMappingHandlerMapping [AbstractHandlerMethodMapping.java:543] Mapped "{[/error],produces=[text/html]}" onto public org.springframework.web.servlet.ModelAndView org.springframework.boot.autoconfigure.web.BasicErrorController.errorHtml(javax.servlet.http.HttpServletRequest,javax.servlet.http.HttpServletResponse)
2016-11-15 12:56:50,826 INFO [main] o.s.w.s.m.m.a.RequestMappingHandlerMapping [AbstractHandlerMethodMapping.java:543] Mapped "{[/error]}" onto public org.springframework.http.ResponseEntity<java.util.Map<java.lang.String, java.lang.Object>> org.springframework.boot.autoconfigure.web.BasicErrorController.error(javax.servlet.http.HttpServletRequest)
2016-11-15 12:56:50,851 INFO [main] o.s.w.s.h.SimpleUrlHandlerMapping [AbstractUrlHandlerMapping.java:354] Mapped URL path [/webjars/**] onto handler of type [class org.springframework.web.servlet.resource.ResourceHttpRequestHandler]
2016-11-15 12:56:50,851 INFO [main] o.s.w.s.h.SimpleUrlHandlerMapping [AbstractUrlHandlerMapping.java:354] Mapped URL path [/**] onto handler of type [class org.springframework.web.servlet.resource.ResourceHttpRequestHandler]
2016-11-15 12:56:50,886 INFO [main] o.s.w.s.h.SimpleUrlHandlerMapping [AbstractUrlHandlerMapping.java:354] Mapped URL path [/**/favicon.ico] onto handler of type [class org.springframework.web.servlet.resource.ResourceHttpRequestHandler]
2016-11-15 12:56:51,051 INFO [main] o.s.j.e.a.AnnotationMBeanExporter [MBeanExporter.java:431] Registering beans for JMX exposure on startup
2016-11-15 12:56:51,065 INFO [main] o.a.c.h.Http11NioProtocol [DirectJDKLog.java:179] Initializing ProtocolHandler ["http-nio-8081"]
2016-11-15 12:56:51,076 INFO [main] o.a.c.h.Http11NioProtocol [DirectJDKLog.java:179] Starting ProtocolHandler [http-nio-8081]
2016-11-15 12:56:51,081 INFO [main] o.a.t.u.n.NioSelectorPool [DirectJDKLog.java:179] Using a shared selector for servlet write/read
2016-11-15 12:56:51,095 INFO [main] o.s.b.c.e.t.TomcatEmbeddedServletContainer [TomcatEmbeddedServletContainer.java:185] Tomcat started on port(s): 8081 (http)
2016-11-15 12:56:51,098 INFO [main] c.h.k.o.l.App [StartupInfoLogger.java:57] Started App in 2.646 seconds (JVM running for 3.106)
2016-11-15 12:57:03,068 INFO [http-nio-8081-exec-1] o.a.c.c.C.[.[.[/] [DirectJDKLog.java:179] Initializing Spring FrameworkServlet 'dispatcherServlet'
2016-11-15 12:57:03,069 INFO [http-nio-8081-exec-1] o.s.w.s.DispatcherServlet [FrameworkServlet.java:489] FrameworkServlet 'dispatcherServlet': initialization started
2016-11-15 12:57:03,093 INFO [http-nio-8081-exec-1] o.s.w.s.DispatcherServlet [FrameworkServlet.java:508] FrameworkServlet 'dispatcherServlet': initialization completed in 24 ms
2016-11-15 13:47:24,234 INFO [main] c.h.k.o.l.App [StartupInfoLogger.java:48] Starting App v1.0-SNAPSHOT on share-ThinkCentre-E73 with PID 26632 (/home/share/IdeaProjects/k8s-oam/api/logapi/target/api.logapi-1.0-SNAPSHOT.jar started by share in /home/share/IdeaProjects/k8s-oam)
2016-11-15 13:47:24,237 INFO [main] c.h.k.o.l.App [SpringApplication.java:665] The following profiles are active: dev
2016-11-15 13:47:24,337 INFO [main] o.s.b.c.e.AnnotationConfigEmbeddedWebApplicationContext [AbstractApplicationContext.java:581] Refreshing org.springframework.boot.context.embedded.AnnotationConfigEmbeddedWebApplicationContext@7e32c033: startup date [Tue Nov 15 13:47:24 CST 2016]; root of context hierarchy
2016-11-15 13:47:24,670 INFO [background-preinit] o.h.v.i.u.Version [Version.java:30] HV000001: Hibernate Validator 5.2.4.Final
2016-11-15 13:47:25,315 INFO [main] o.s.c.s.PostProcessorRegistrationDelegate$BeanPostProcessorChecker [PostProcessorRegistrationDelegate.java:328] Bean 'org.springframework.transaction.annotation.ProxyTransactionManagementConfiguration' of type [class org.springframework.transaction.annotation.ProxyTransactionManagementConfiguration$$EnhancerBySpringCGLIB$$70a1f8a5] is not eligible for getting processed by all BeanPostProcessors (for example: not eligible for auto-proxying)
2016-11-15 13:47:25,704 INFO [main] o.s.b.c.e.t.TomcatEmbeddedServletContainer [TomcatEmbeddedServletContainer.java:87] Tomcat initialized with port(s): 8081 (http)
2016-11-15 13:47:25,714 INFO [main] o.a.c.c.StandardService [DirectJDKLog.java:179] Starting service Tomcat
2016-11-15 13:47:25,715 INFO [main] o.a.c.c.StandardEngine [DirectJDKLog.java:179] Starting Servlet Engine: Apache Tomcat/8.5.5
2016-11-15 13:47:25,819 INFO [localhost-startStop-1] o.a.c.c.C.[.[.[/] [DirectJDKLog.java:179] Initializing Spring embedded WebApplicationContext
2016-11-15 13:47:25,819 INFO [localhost-startStop-1] o.s.w.c.ContextLoader [EmbeddedWebApplicationContext.java:276] Root WebApplicationContext: initialization completed in 1483 ms
2016-11-15 13:47:25,926 INFO [localhost-startStop-1] o.s.b.w.s.ServletRegistrationBean [ServletRegistrationBean.java:190] Mapping servlet: 'dispatcherServlet' to [/]
2016-11-15 13:47:25,930 INFO [localhost-startStop-1] o.s.b.w.s.FilterRegistrationBean [AbstractFilterRegistrationBean.java:258] Mapping filter: 'characterEncodingFilter' to: [/*]
2016-11-15 13:47:25,931 INFO [localhost-startStop-1] o.s.b.w.s.FilterRegistrationBean [AbstractFilterRegistrationBean.java:258] Mapping filter: 'hiddenHttpMethodFilter' to: [/*]
2016-11-15 13:47:25,931 INFO [localhost-startStop-1] o.s.b.w.s.FilterRegistrationBean [AbstractFilterRegistrationBean.java:258] Mapping filter: 'httpPutFormContentFilter' to: [/*]
2016-11-15 13:47:25,931 INFO [localhost-startStop-1] o.s.b.w.s.FilterRegistrationBean [AbstractFilterRegistrationBean.java:258] Mapping filter: 'requestContextFilter' to: [/*]
2016-11-15 13:47:26,287 INFO [main] o.s.w.s.m.m.a.RequestMappingHandlerAdapter [RequestMappingHandlerAdapter.java:534] Looking for @ControllerAdvice: org.springframework.boot.context.embedded.AnnotationConfigEmbeddedWebApplicationContext@7e32c033: startup date [Tue Nov 15 13:47:24 CST 2016]; root of context hierarchy
2016-11-15 13:47:26,354 INFO [main] o.s.w.s.m.m.a.RequestMappingHandlerMapping [AbstractHandlerMethodMapping.java:543] Mapped "{[/api/log/monitor]}" onto public java.util.List<cn.harmonycloud.k8s.oam.logapi.domain.LogMonitorConfig> cn.harmonycloud.k8s.oam.logapi.apiserver.LogController.monitor()
2016-11-15 13:47:26,355 INFO [main] o.s.w.s.m.m.a.RequestMappingHandlerMapping [AbstractHandlerMethodMapping.java:543] Mapped "{[/api/log/setmonitor],methods=[POST]}" onto public cn.harmonycloud.k8s.oam.logapi.domain.LogMonitorConfig cn.harmonycloud.k8s.oam.logapi.apiserver.LogController.setmonitor(cn.harmonycloud.k8s.oam.logapi.domain.LogMonitorConfig)
2016-11-15 13:47:26,355 INFO [main] o.s.w.s.m.m.a.RequestMappingHandlerMapping [AbstractHandlerMethodMapping.java:543] Mapped "{[/api/log/setalerttype],methods=[POST]}" onto public cn.harmonycloud.k8s.oam.logapi.dto.AlertType cn.harmonycloud.k8s.oam.logapi.apiserver.LogController.setalerttype(cn.harmonycloud.k8s.oam.logapi.dto.AlertType)
2016-11-15 13:47:26,356 INFO [main] o.s.w.s.m.m.a.RequestMappingHandlerMapping [AbstractHandlerMethodMapping.java:543] Mapped "{[/api/log/alerttype]}" onto public java.lang.String cn.harmonycloud.k8s.oam.logapi.apiserver.LogController.alerttype()
2016-11-15 13:47:26,356 INFO [main] o.s.w.s.m.m.a.RequestMappingHandlerMapping [AbstractHandlerMethodMapping.java:543] Mapped "{[/api/log/setalertemail],methods=[POST]}" onto public cn.harmonycloud.k8s.oam.logapi.domain.MailInfo cn.harmonycloud.k8s.oam.logapi.apiserver.LogController.setalertemail(cn.harmonycloud.k8s.oam.logapi.domain.MailInfo)
2016-11-15 13:47:26,356 INFO [main] o.s.w.s.m.m.a.RequestMappingHandlerMapping [AbstractHandlerMethodMapping.java:543] Mapped "{[/api/log/alertemail]}" onto public cn.harmonycloud.k8s.oam.logapi.domain.MailInfo cn.harmonycloud.k8s.oam.logapi.apiserver.LogController.alertemail()
2016-11-15 13:47:26,357 INFO [main] o.s.w.s.m.m.a.RequestMappingHandlerMapping [AbstractHandlerMethodMapping.java:543] Mapped "{[/api/log/greeting]}" onto public cn.harmonycloud.k8s.oam.logapi.apiserver.Greeting cn.harmonycloud.k8s.oam.logapi.apiserver.GreetingController.greeting(java.lang.String)
2016-11-15 13:47:26,357 INFO [main] o.s.w.s.m.m.a.RequestMappingHandlerMapping [AbstractHandlerMethodMapping.java:543] Mapped "{[/api/log/profile]}" onto public java.lang.String cn.harmonycloud.k8s.oam.logapi.apiserver.GreetingController.getProfile()
2016-11-15 13:47:26,361 INFO [main] o.s.w.s.m.m.a.RequestMappingHandlerMapping [AbstractHandlerMethodMapping.java:543] Mapped "{[/error],produces=[text/html]}" onto public org.springframework.web.servlet.ModelAndView org.springframework.boot.autoconfigure.web.BasicErrorController.errorHtml(javax.servlet.http.HttpServletRequest,javax.servlet.http.HttpServletResponse)
2016-11-15 13:47:26,362 INFO [main] o.s.w.s.m.m.a.RequestMappingHandlerMapping [AbstractHandlerMethodMapping.java:543] Mapped "{[/error]}" onto public org.springframework.http.ResponseEntity<java.util.Map<java.lang.String, java.lang.Object>> org.springframework.boot.autoconfigure.web.BasicErrorController.error(javax.servlet.http.HttpServletRequest)
2016-11-15 13:47:26,407 INFO [main] o.s.w.s.h.SimpleUrlHandlerMapping [AbstractUrlHandlerMapping.java:354] Mapped URL path [/webjars/**] onto handler of type [class org.springframework.web.servlet.resource.ResourceHttpRequestHandler]
2016-11-15 13:47:26,407 INFO [main] o.s.w.s.h.SimpleUrlHandlerMapping [AbstractUrlHandlerMapping.java:354] Mapped URL path [/**] onto handler of type [class org.springframework.web.servlet.resource.ResourceHttpRequestHandler]
2016-11-15 13:47:26,464 INFO [main] o.s.w.s.h.SimpleUrlHandlerMapping [AbstractUrlHandlerMapping.java:354] Mapped URL path [/**/favicon.ico] onto handler of type [class org.springframework.web.servlet.resource.ResourceHttpRequestHandler]
2016-11-15 13:47:26,600 INFO [main] o.s.j.e.a.AnnotationMBeanExporter [MBeanExporter.java:431] Registering beans for JMX exposure on startup
2016-11-15 13:47:26,624 INFO [main] o.a.c.h.Http11NioProtocol [DirectJDKLog.java:179] Initializing ProtocolHandler ["http-nio-8081"]
2016-11-15 13:47:26,632 INFO [main] o.a.c.h.Http11NioProtocol [DirectJDKLog.java:179] Starting ProtocolHandler [http-nio-8081]
2016-11-15 13:47:26,639 INFO [main] o.a.t.u.n.NioSelectorPool [DirectJDKLog.java:179] Using a shared selector for servlet write/read
2016-11-15 13:47:26,674 INFO [main] o.s.b.c.e.t.TomcatEmbeddedServletContainer [TomcatEmbeddedServletContainer.java:185] Tomcat started on port(s): 8081 (http)
2016-11-15 13:47:26,678 INFO [main] c.h.k.o.l.App [StartupInfoLogger.java:57] Started App in 2.858 seconds (JVM running for 3.323)
2016-11-15 13:49:16,368 INFO [http-nio-8081-exec-1] o.a.c.c.C.[.[.[/] [DirectJDKLog.java:179] Initializing Spring FrameworkServlet 'dispatcherServlet'
2016-11-15 13:49:16,368 INFO [http-nio-8081-exec-1] o.s.w.s.DispatcherServlet [FrameworkServlet.java:489] FrameworkServlet 'dispatcherServlet': initialization started
2016-11-15 13:49:16,380 INFO [http-nio-8081-exec-1] o.s.w.s.DispatcherServlet [FrameworkServlet.java:508] FrameworkServlet 'dispatcherServlet': initialization completed in 12 ms
2016-11-15 15:46:00,930 INFO [main] c.h.k.o.l.App [StartupInfoLogger.java:48] Starting App v1.0-SNAPSHOT on share-ThinkCentre-E73 with PID 30430 (/home/share/IdeaProjects/k8s-oam/api/logapi/target/api.logapi-1.0-SNAPSHOT.jar started by share in /home/share/IdeaProjects/k8s-oam)
2016-11-15 15:46:00,932 INFO [main] c.h.k.o.l.App [SpringApplication.java:665] The following profiles are active: dev
2016-11-15 15:46:01,031 INFO [main] o.s.b.c.e.AnnotationConfigEmbeddedWebApplicationContext [AbstractApplicationContext.java:581] Refreshing org.springframework.boot.context.embedded.AnnotationConfigEmbeddedWebApplicationContext@7e32c033: startup date [Tue Nov 15 15:46:01 CST 2016]; root of context hierarchy
2016-11-15 15:46:01,358 INFO [background-preinit] o.h.v.i.u.Version [Version.java:30] HV000001: Hibernate Validator 5.2.4.Final
2016-11-15 15:46:01,998 INFO [main] o.s.c.s.PostProcessorRegistrationDelegate$BeanPostProcessorChecker [PostProcessorRegistrationDelegate.java:328] Bean 'org.springframework.transaction.annotation.ProxyTransactionManagementConfiguration' of type [class org.springframework.transaction.annotation.ProxyTransactionManagementConfiguration$$EnhancerBySpringCGLIB$$70a1f8a5] is not eligible for getting processed by all BeanPostProcessors (for example: not eligible for auto-proxying)
2016-11-15 15:46:02,506 INFO [main] o.s.b.c.e.t.TomcatEmbeddedServletContainer [TomcatEmbeddedServletContainer.java:87] Tomcat initialized with port(s): 8081 (http)
2016-11-15 15:46:02,526 INFO [main] o.a.c.c.StandardService [DirectJDKLog.java:179] Starting service Tomcat
2016-11-15 15:46:02,527 INFO [main] o.a.c.c.StandardEngine [DirectJDKLog.java:179] Starting Servlet Engine: Apache Tomcat/8.5.5
2016-11-15 15:46:02,649 INFO [localhost-startStop-1] o.a.c.c.C.[.[.[/] [DirectJDKLog.java:179] Initializing Spring embedded WebApplicationContext
2016-11-15 15:46:02,650 INFO [localhost-startStop-1] o.s.w.c.ContextLoader [EmbeddedWebApplicationContext.java:276] Root WebApplicationContext: initialization completed in 1619 ms
2016-11-15 15:46:02,814 INFO [localhost-startStop-1] o.s.b.w.s.ServletRegistrationBean [ServletRegistrationBean.java:190] Mapping servlet: 'dispatcherServlet' to [/]
2016-11-15 15:46:02,818 INFO [localhost-startStop-1] o.s.b.w.s.FilterRegistrationBean [AbstractFilterRegistrationBean.java:258] Mapping filter: 'characterEncodingFilter' to: [/*]
2016-11-15 15:46:02,818 INFO [localhost-startStop-1] o.s.b.w.s.FilterRegistrationBean [AbstractFilterRegistrationBean.java:258] Mapping filter: 'hiddenHttpMethodFilter' to: [/*]
2016-11-15 15:46:02,818 INFO [localhost-startStop-1] o.s.b.w.s.FilterRegistrationBean [AbstractFilterRegistrationBean.java:258] Mapping filter: 'httpPutFormContentFilter' to: [/*]
2016-11-15 15:46:02,819 INFO [localhost-startStop-1] o.s.b.w.s.FilterRegistrationBean [AbstractFilterRegistrationBean.java:258] Mapping filter: 'requestContextFilter' to: [/*]
2016-11-15 15:46:03,172 INFO [main] o.s.w.s.m.m.a.RequestMappingHandlerAdapter [RequestMappingHandlerAdapter.java:534] Looking for @ControllerAdvice: org.springframework.boot.context.embedded.AnnotationConfigEmbeddedWebApplicationContext@7e32c033: startup date [Tue Nov 15 15:46:01 CST 2016]; root of context hierarchy
2016-11-15 15:46:03,231 INFO [main] o.s.w.s.m.m.a.RequestMappingHandlerMapping [AbstractHandlerMethodMapping.java:543] Mapped "{[/api/log/monitor]}" onto public java.util.List<cn.harmonycloud.k8s.oam.logapi.domain.LogMonitorConfig> cn.harmonycloud.k8s.oam.logapi.apiserver.LogController.monitor()
2016-11-15 15:46:03,232 INFO [main] o.s.w.s.m.m.a.RequestMappingHandlerMapping [AbstractHandlerMethodMapping.java:543] Mapped "{[/api/log/setmonitor],methods=[POST]}" onto public cn.harmonycloud.k8s.oam.logapi.domain.LogMonitorConfig cn.harmonycloud.k8s.oam.logapi.apiserver.LogController.setmonitor(cn.harmonycloud.k8s.oam.logapi.domain.LogMonitorConfig)
2016-11-15 15:46:03,232 INFO [main] o.s.w.s.m.m.a.RequestMappingHandlerMapping [AbstractHandlerMethodMapping.java:543] Mapped "{[/api/log/setalerttype],methods=[POST]}" onto public cn.harmonycloud.k8s.oam.logapi.dto.AlertType cn.harmonycloud.k8s.oam.logapi.apiserver.LogController.setalerttype(cn.harmonycloud.k8s.oam.logapi.dto.AlertType)
2016-11-15 15:46:03,232 INFO [main] o.s.w.s.m.m.a.RequestMappingHandlerMapping [AbstractHandlerMethodMapping.java:543] Mapped "{[/api/log/alerttype]}" onto public java.lang.String cn.harmonycloud.k8s.oam.logapi.apiserver.LogController.alerttype()
2016-11-15 15:46:03,233 INFO [main] o.s.w.s.m.m.a.RequestMappingHandlerMapping [AbstractHandlerMethodMapping.java:543] Mapped "{[/api/log/setalertemail],methods=[POST]}" onto public cn.harmonycloud.k8s.oam.logapi.domain.MailInfo cn.harmonycloud.k8s.oam.logapi.apiserver.LogController.setalertemail(cn.harmonycloud.k8s.oam.logapi.domain.MailInfo)
2016-11-15 15:46:03,233 INFO [main] o.s.w.s.m.m.a.RequestMappingHandlerMapping [AbstractHandlerMethodMapping.java:543] Mapped "{[/api/log/alertemail]}" onto public cn.harmonycloud.k8s.oam.logapi.domain.MailInfo cn.harmonycloud.k8s.oam.logapi.apiserver.LogController.alertemail()
2016-11-15 15:46:03,233 INFO [main] o.s.w.s.m.m.a.RequestMappingHandlerMapping [AbstractHandlerMethodMapping.java:543] Mapped "{[/api/log/greeting]}" onto public cn.harmonycloud.k8s.oam.logapi.apiserver.Greeting cn.harmonycloud.k8s.oam.logapi.apiserver.GreetingController.greeting(java.lang.String)
2016-11-15 15:46:03,234 INFO [main] o.s.w.s.m.m.a.RequestMappingHandlerMapping [AbstractHandlerMethodMapping.java:543] Mapped "{[/api/log/profile]}" onto public java.lang.String cn.harmonycloud.k8s.oam.logapi.apiserver.GreetingController.getProfile()
2016-11-15 15:46:03,236 INFO [main] o.s.w.s.m.m.a.RequestMappingHandlerMapping [AbstractHandlerMethodMapping.java:543] Mapped "{[/error],produces=[text/html]}" onto public org.springframework.web.servlet.ModelAndView org.springframework.boot.autoconfigure.web.BasicErrorController.errorHtml(javax.servlet.http.HttpServletRequest,javax.servlet.http.HttpServletResponse)
2016-11-15 15:46:03,236 INFO [main] o.s.w.s.m.m.a.RequestMappingHandlerMapping [AbstractHandlerMethodMapping.java:543] Mapped "{[/error]}" onto public org.springframework.http.ResponseEntity<java.util.Map<java.lang.String, java.lang.Object>> org.springframework.boot.autoconfigure.web.BasicErrorController.error(javax.servlet.http.HttpServletRequest)
2016-11-15 15:46:03,268 INFO [main] o.s.w.s.h.SimpleUrlHandlerMapping [AbstractUrlHandlerMapping.java:354] Mapped URL path [/webjars/**] onto handler of type [class org.springframework.web.servlet.resource.ResourceHttpRequestHandler]
2016-11-15 15:46:03,268 INFO [main] o.s.w.s.h.SimpleUrlHandlerMapping [AbstractUrlHandlerMapping.java:354] Mapped URL path [/**] onto handler of type [class org.springframework.web.servlet.resource.ResourceHttpRequestHandler]
2016-11-15 15:46:03,321 INFO [main] o.s.w.s.h.SimpleUrlHandlerMapping [AbstractUrlHandlerMapping.java:354] Mapped URL path [/**/favicon.ico] onto handler of type [class org.springframework.web.servlet.resource.ResourceHttpRequestHandler]
2016-11-15 15:46:03,501 INFO [main] o.s.j.e.a.AnnotationMBeanExporter [MBeanExporter.java:431] Registering beans for JMX exposure on startup
2016-11-15 15:46:03,516 INFO [main] o.a.c.h.Http11NioProtocol [DirectJDKLog.java:179] Initializing ProtocolHandler ["http-nio-8081"]
2016-11-15 15:46:03,525 INFO [main] o.a.c.h.Http11NioProtocol [DirectJDKLog.java:179] Starting ProtocolHandler [http-nio-8081]
2016-11-15 15:46:03,531 INFO [main] o.a.t.u.n.NioSelectorPool [DirectJDKLog.java:179] Using a shared selector for servlet write/read
2016-11-15 15:46:03,543 INFO [main] o.s.b.c.e.t.TomcatEmbeddedServletContainer [TomcatEmbeddedServletContainer.java:185] Tomcat started on port(s): 8081 (http)
2016-11-15 15:46:03,547 INFO [main] c.h.k.o.l.App [StartupInfoLogger.java:57] Started App in 3.033 seconds (JVM running for 3.512)
2016-11-15 15:46:53,430 INFO [http-nio-8081-exec-1] o.a.c.c.C.[.[.[/] [DirectJDKLog.java:179] Initializing Spring FrameworkServlet 'dispatcherServlet'
2016-11-15 15:46:53,430 INFO [http-nio-8081-exec-1] o.s.w.s.DispatcherServlet [FrameworkServlet.java:489] FrameworkServlet 'dispatcherServlet': initialization started
2016-11-15 15:46:53,440 INFO [http-nio-8081-exec-1] o.s.w.s.DispatcherServlet [FrameworkServlet.java:508] FrameworkServlet 'dispatcherServlet': initialization completed in 10 ms
2016-11-15 15:46:54,287 INFO [http-nio-8081-exec-1] o.s.b.f.x.XmlBeanDefinitionReader [XmlBeanDefinitionReader.java:317] Loading XML bean definitions from class path resource [org/springframework/jdbc/support/sql-error-codes.xml]
2016-11-15 15:46:54,340 INFO [http-nio-8081-exec-1] o.s.j.s.SQLErrorCodesFactory [SQLErrorCodesFactory.java:126] SQLErrorCodes loaded: [DB2, Derby, H2, HSQL, Informix, MS-SQL, MySQL, Oracle, PostgreSQL, Sybase, Hana]
2016-11-15 15:46:54,349 ERROR [http-nio-8081-exec-1] o.a.c.c.C.[.[.[.[dispatcherServlet] [DirectJDKLog.java:181] Servlet.service() for servlet [dispatcherServlet] in context with path [] threw exception [Request processing failed; nested exception is org.springframework.jdbc.BadSqlGrammarException: PreparedStatementCallback; bad SQL grammar [update es_alert_type_email set smtp = ?, port = ?, user = ?, password = ?, from = ?, to = ?, cc = ? where id =1]; nested exception is com.mysql.jdbc.exceptions.jdbc4.MySQLSyntaxErrorException: You have an error in your SQL syntax; check the manual that corresponds to your MySQL server version for the right syntax to use near 'from = 'huanwei@harmonycloud.cn', to = 'huanwei@harmonycloud.cn', cc = 'huanwei@' at line 1] with root cause
com.mysql.jdbc.exceptions.jdbc4.MySQLSyntaxErrorException: You have an error in your SQL syntax; check the manual that corresponds to your MySQL server version for the right syntax to use near 'from = 'huanwei@harmonycloud.cn', to = 'huanwei@harmonycloud.cn', cc = 'huanwei@' at line 1
	at sun.reflect.NativeConstructorAccessorImpl.newInstance0(Native Method)
	at sun.reflect.NativeConstructorAccessorImpl.newInstance(NativeConstructorAccessorImpl.java:62)
	at sun.reflect.DelegatingConstructorAccessorImpl.newInstance(DelegatingConstructorAccessorImpl.java:45)
	at java.lang.reflect.Constructor.newInstance(Constructor.java:423)
	at com.mysql.jdbc.Util.handleNewInstance(Util.java:404)
	at com.mysql.jdbc.Util.getInstance(Util.java:387)
	at com.mysql.jdbc.SQLError.createSQLException(SQLError.java:942)
	at com.mysql.jdbc.MysqlIO.checkErrorPacket(MysqlIO.java:3966)
	at com.mysql.jdbc.MysqlIO.checkErrorPacket(MysqlIO.java:3902)
	at com.mysql.jdbc.MysqlIO.sendCommand(MysqlIO.java:2526)
	at com.mysql.jdbc.MysqlIO.sqlQueryDirect(MysqlIO.java:2673)
	at com.mysql.jdbc.ConnectionImpl.execSQL(ConnectionImpl.java:2549)
	at com.mysql.jdbc.PreparedStatement.executeInternal(PreparedStatement.java:1861)
	at com.mysql.jdbc.PreparedStatement.executeUpdateInternal(PreparedStatement.java:2073)
	at com.mysql.jdbc.PreparedStatement.executeUpdateInternal(PreparedStatement.java:2009)
	at com.mysql.jdbc.PreparedStatement.executeLargeUpdate(PreparedStatement.java:5098)
	at com.mysql.jdbc.PreparedStatement.executeUpdate(PreparedStatement.java:1994)
	at org.springframework.jdbc.core.JdbcTemplate$2.doInPreparedStatement(JdbcTemplate.java:877)
	at org.springframework.jdbc.core.JdbcTemplate$2.doInPreparedStatement(JdbcTemplate.java:870)
	at org.springframework.jdbc.core.JdbcTemplate.execute(JdbcTemplate.java:633)
	at org.springframework.jdbc.core.JdbcTemplate.update(JdbcTemplate.java:870)
	at org.springframework.jdbc.core.JdbcTemplate.update(JdbcTemplate.java:931)
	at org.springframework.jdbc.core.JdbcTemplate.update(JdbcTemplate.java:941)
	at cn.harmonycloud.k8s.oam.logapi.mysql.MysqlDao.updateAlertEmail(MysqlDao.java:53)
	at cn.harmonycloud.k8s.oam.logapi.mysql.MysqlDao$$FastClassBySpringCGLIB$$19ba8dd.invoke(<generated>)
	at org.springframework.cglib.proxy.MethodProxy.invoke(MethodProxy.java:204)
	at org.springframework.aop.framework.CglibAopProxy$CglibMethodInvocation.invokeJoinpoint(CglibAopProxy.java:720)
	at org.springframework.aop.framework.ReflectiveMethodInvocation.proceed(ReflectiveMethodInvocation.java:157)
	at org.springframework.dao.support.PersistenceExceptionTranslationInterceptor.invoke(PersistenceExceptionTranslationInterceptor.java:136)
	at org.springframework.aop.framework.ReflectiveMethodInvocation.proceed(ReflectiveMethodInvocation.java:179)
	at org.springframework.aop.framework.CglibAopProxy$DynamicAdvisedInterceptor.intercept(CglibAopProxy.java:655)
	at cn.harmonycloud.k8s.oam.logapi.mysql.MysqlDao$$EnhancerBySpringCGLIB$$ad32f62f.updateAlertEmail(<generated>)
	at cn.harmonycloud.k8s.oam.logapi.apiserver.LogController.setalertemail(LogController.java:88)
	at sun.reflect.NativeMethodAccessorImpl.invoke0(Native Method)
	at sun.reflect.NativeMethodAccessorImpl.invoke(NativeMethodAccessorImpl.java:62)
	at sun.reflect.DelegatingMethodAccessorImpl.invoke(DelegatingMethodAccessorImpl.java:43)
	at java.lang.reflect.Method.invoke(Method.java:498)
	at org.springframework.web.method.support.InvocableHandlerMethod.doInvoke(InvocableHandlerMethod.java:221)
	at org.springframework.web.method.support.InvocableHandlerMethod.invokeForRequest(InvocableHandlerMethod.java:136)
	at org.springframework.web.servlet.mvc.method.annotation.ServletInvocableHandlerMethod.invokeAndHandle(ServletInvocableHandlerMethod.java:114)
	at org.springframework.web.servlet.mvc.method.annotation.RequestMappingHandlerAdapter.invokeHandlerMethod(RequestMappingHandlerAdapter.java:827)
	at org.springframework.web.servlet.mvc.method.annotation.RequestMappingHandlerAdapter.handleInternal(RequestMappingHandlerAdapter.java:738)
	at org.springframework.web.servlet.mvc.method.AbstractHandlerMethodAdapter.handle(AbstractHandlerMethodAdapter.java:85)
	at org.springframework.web.servlet.DispatcherServlet.doDispatch(DispatcherServlet.java:963)
	at org.springframework.web.servlet.DispatcherServlet.doService(DispatcherServlet.java:897)
	at org.springframework.web.servlet.FrameworkServlet.processRequest(FrameworkServlet.java:970)
	at org.springframework.web.servlet.FrameworkServlet.doPost(FrameworkServlet.java:872)
	at javax.servlet.http.HttpServlet.service(HttpServlet.java:648)
	at org.springframework.web.servlet.FrameworkServlet.service(FrameworkServlet.java:846)
	at javax.servlet.http.HttpServlet.service(HttpServlet.java:729)
	at org.apache.catalina.core.ApplicationFilterChain.internalDoFilter(ApplicationFilterChain.java:230)
	at org.apache.catalina.core.ApplicationFilterChain.doFilter(ApplicationFilterChain.java:165)
	at org.apache.tomcat.websocket.server.WsFilter.doFilter(WsFilter.java:52)
	at org.apache.catalina.core.ApplicationFilterChain.internalDoFilter(ApplicationFilterChain.java:192)
	at org.apache.catalina.core.ApplicationFilterChain.doFilter(ApplicationFilterChain.java:165)
	at org.springframework.web.filter.RequestContextFilter.doFilterInternal(RequestContextFilter.java:99)
	at org.springframework.web.filter.OncePerRequestFilter.doFilter(OncePerRequestFilter.java:107)
	at org.apache.catalina.core.ApplicationFilterChain.internalDoFilter(ApplicationFilterChain.java:192)
	at org.apache.catalina.core.ApplicationFilterChain.doFilter(ApplicationFilterChain.java:165)
	at org.springframework.web.filter.HttpPutFormContentFilter.doFilterInternal(HttpPutFormContentFilter.java:89)
	at org.springframework.web.filter.OncePerRequestFilter.doFilter(OncePerRequestFilter.java:107)
	at org.apache.catalina.core.ApplicationFilterChain.internalDoFilter(ApplicationFilterChain.java:192)
	at org.apache.catalina.core.ApplicationFilterChain.doFilter(ApplicationFilterChain.java:165)
	at org.springframework.web.filter.HiddenHttpMethodFilter.doFilterInternal(HiddenHttpMethodFilter.java:77)
	at org.springframework.web.filter.OncePerRequestFilter.doFilter(OncePerRequestFilter.java:107)
	at org.apache.catalina.core.ApplicationFilterChain.internalDoFilter(ApplicationFilterChain.java:192)
	at org.apache.catalina.core.ApplicationFilterChain.doFilter(ApplicationFilterChain.java:165)
	at org.springframework.web.filter.CharacterEncodingFilter.doFilterInternal(CharacterEncodingFilter.java:197)
	at org.springframework.web.filter.OncePerRequestFilter.doFilter(OncePerRequestFilter.java:107)
	at org.apache.catalina.core.ApplicationFilterChain.internalDoFilter(ApplicationFilterChain.java:192)
	at org.apache.catalina.core.ApplicationFilterChain.doFilter(ApplicationFilterChain.java:165)
	at org.apache.catalina.core.StandardWrapperValve.invoke(StandardWrapperValve.java:198)
	at org.apache.catalina.core.StandardContextValve.invoke(StandardContextValve.java:108)
	at org.apache.catalina.authenticator.AuthenticatorBase.invoke(AuthenticatorBase.java:472)
	at org.apache.catalina.core.StandardHostValve.invoke(StandardHostValve.java:140)
	at org.apache.catalina.valves.ErrorReportValve.invoke(ErrorReportValve.java:79)
	at org.apache.catalina.core.StandardEngineValve.invoke(StandardEngineValve.java:87)
	at org.apache.catalina.connector.CoyoteAdapter.service(CoyoteAdapter.java:349)
	at org.apache.coyote.http11.Http11Processor.service(Http11Processor.java:784)
	at org.apache.coyote.AbstractProcessorLight.process(AbstractProcessorLight.java:66)
	at org.apache.coyote.AbstractProtocol$ConnectionHandler.process(AbstractProtocol.java:802)
	at org.apache.tomcat.util.net.NioEndpoint$SocketProcessor.doRun(NioEndpoint.java:1410)
	at org.apache.tomcat.util.net.SocketProcessorBase.run(SocketProcessorBase.java:49)
	at java.util.concurrent.ThreadPoolExecutor.runWorker(ThreadPoolExecutor.java:1142)
	at java.util.concurrent.ThreadPoolExecutor$Worker.run(ThreadPoolExecutor.java:617)
	at org.apache.tomcat.util.threads.TaskThread$WrappingRunnable.run(TaskThread.java:61)
	at java.lang.Thread.run(Thread.java:745)
2016-11-15 15:48:58,242 ERROR [http-nio-8081-exec-2] o.a.c.c.C.[.[.[.[dispatcherServlet] [DirectJDKLog.java:181] Servlet.service() for servlet [dispatcherServlet] in context with path [] threw exception [Request processing failed; nested exception is org.springframework.jdbc.BadSqlGrammarException: PreparedStatementCallback; bad SQL grammar [update es_alert_type_email set smtp = ?, port = ?, user = ?, password = ?, from = ?, to = ?, cc = ? where id =1]; nested exception is com.mysql.jdbc.exceptions.jdbc4.MySQLSyntaxErrorException: You have an error in your SQL syntax; check the manual that corresponds to your MySQL server version for the right syntax to use near 'from = 'huanwei@harmonycloud.cn', to = 'huanwei@harmonycloud.cn', cc = 'huanwei@' at line 1] with root cause
com.mysql.jdbc.exceptions.jdbc4.MySQLSyntaxErrorException: You have an error in your SQL syntax; check the manual that corresponds to your MySQL server version for the right syntax to use near 'from = 'huanwei@harmonycloud.cn', to = 'huanwei@harmonycloud.cn', cc = 'huanwei@' at line 1
	at sun.reflect.NativeConstructorAccessorImpl.newInstance0(Native Method)
	at sun.reflect.NativeConstructorAccessorImpl.newInstance(NativeConstructorAccessorImpl.java:62)
	at sun.reflect.DelegatingConstructorAccessorImpl.newInstance(DelegatingConstructorAccessorImpl.java:45)
	at java.lang.reflect.Constructor.newInstance(Constructor.java:423)
	at com.mysql.jdbc.Util.handleNewInstance(Util.java:404)
	at com.mysql.jdbc.Util.getInstance(Util.java:387)
	at com.mysql.jdbc.SQLError.createSQLException(SQLError.java:942)
	at com.mysql.jdbc.MysqlIO.checkErrorPacket(MysqlIO.java:3966)
	at com.mysql.jdbc.MysqlIO.checkErrorPacket(MysqlIO.java:3902)
	at com.mysql.jdbc.MysqlIO.sendCommand(MysqlIO.java:2526)
	at com.mysql.jdbc.MysqlIO.sqlQueryDirect(MysqlIO.java:2673)
	at com.mysql.jdbc.ConnectionImpl.execSQL(ConnectionImpl.java:2549)
	at com.mysql.jdbc.PreparedStatement.executeInternal(PreparedStatement.java:1861)
	at com.mysql.jdbc.PreparedStatement.executeUpdateInternal(PreparedStatement.java:2073)
	at com.mysql.jdbc.PreparedStatement.executeUpdateInternal(PreparedStatement.java:2009)
	at com.mysql.jdbc.PreparedStatement.executeLargeUpdate(PreparedStatement.java:5098)
	at com.mysql.jdbc.PreparedStatement.executeUpdate(PreparedStatement.java:1994)
	at org.springframework.jdbc.core.JdbcTemplate$2.doInPreparedStatement(JdbcTemplate.java:877)
	at org.springframework.jdbc.core.JdbcTemplate$2.doInPreparedStatement(JdbcTemplate.java:870)
	at org.springframework.jdbc.core.JdbcTemplate.execute(JdbcTemplate.java:633)
	at org.springframework.jdbc.core.JdbcTemplate.update(JdbcTemplate.java:870)
	at org.springframework.jdbc.core.JdbcTemplate.update(JdbcTemplate.java:931)
	at org.springframework.jdbc.core.JdbcTemplate.update(JdbcTemplate.java:941)
	at cn.harmonycloud.k8s.oam.logapi.mysql.MysqlDao.updateAlertEmail(MysqlDao.java:53)
	at cn.harmonycloud.k8s.oam.logapi.mysql.MysqlDao$$FastClassBySpringCGLIB$$19ba8dd.invoke(<generated>)
	at org.springframework.cglib.proxy.MethodProxy.invoke(MethodProxy.java:204)
	at org.springframework.aop.framework.CglibAopProxy$CglibMethodInvocation.invokeJoinpoint(CglibAopProxy.java:720)
	at org.springframework.aop.framework.ReflectiveMethodInvocation.proceed(ReflectiveMethodInvocation.java:157)
	at org.springframework.dao.support.PersistenceExceptionTranslationInterceptor.invoke(PersistenceExceptionTranslationInterceptor.java:136)
	at org.springframework.aop.framework.ReflectiveMethodInvocation.proceed(ReflectiveMethodInvocation.java:179)
	at org.springframework.aop.framework.CglibAopProxy$DynamicAdvisedInterceptor.intercept(CglibAopProxy.java:655)
	at cn.harmonycloud.k8s.oam.logapi.mysql.MysqlDao$$EnhancerBySpringCGLIB$$ad32f62f.updateAlertEmail(<generated>)
	at cn.harmonycloud.k8s.oam.logapi.apiserver.LogController.setalertemail(LogController.java:88)
	at sun.reflect.NativeMethodAccessorImpl.invoke0(Native Method)
	at sun.reflect.NativeMethodAccessorImpl.invoke(NativeMethodAccessorImpl.java:62)
	at sun.reflect.DelegatingMethodAccessorImpl.invoke(DelegatingMethodAccessorImpl.java:43)
	at java.lang.reflect.Method.invoke(Method.java:498)
	at org.springframework.web.method.support.InvocableHandlerMethod.doInvoke(InvocableHandlerMethod.java:221)
	at org.springframework.web.method.support.InvocableHandlerMethod.invokeForRequest(InvocableHandlerMethod.java:136)
	at org.springframework.web.servlet.mvc.method.annotation.ServletInvocableHandlerMethod.invokeAndHandle(ServletInvocableHandlerMethod.java:114)
	at org.springframework.web.servlet.mvc.method.annotation.RequestMappingHandlerAdapter.invokeHandlerMethod(RequestMappingHandlerAdapter.java:827)
	at org.springframework.web.servlet.mvc.method.annotation.RequestMappingHandlerAdapter.handleInternal(RequestMappingHandlerAdapter.java:738)
	at org.springframework.web.servlet.mvc.method.AbstractHandlerMethodAdapter.handle(AbstractHandlerMethodAdapter.java:85)
	at org.springframework.web.servlet.DispatcherServlet.doDispatch(DispatcherServlet.java:963)
	at org.springframework.web.servlet.DispatcherServlet.doService(DispatcherServlet.java:897)
	at org.springframework.web.servlet.FrameworkServlet.processRequest(FrameworkServlet.java:970)
	at org.springframework.web.servlet.FrameworkServlet.doPost(FrameworkServlet.java:872)
	at javax.servlet.http.HttpServlet.service(HttpServlet.java:648)
	at org.springframework.web.servlet.FrameworkServlet.service(FrameworkServlet.java:846)
	at javax.servlet.http.HttpServlet.service(HttpServlet.java:729)
	at org.apache.catalina.core.ApplicationFilterChain.internalDoFilter(ApplicationFilterChain.java:230)
	at org.apache.catalina.core.ApplicationFilterChain.doFilter(ApplicationFilterChain.java:165)
	at org.apache.tomcat.websocket.server.WsFilter.doFilter(WsFilter.java:52)
	at org.apache.catalina.core.ApplicationFilterChain.internalDoFilter(ApplicationFilterChain.java:192)
	at org.apache.catalina.core.ApplicationFilterChain.doFilter(ApplicationFilterChain.java:165)
	at org.springframework.web.filter.RequestContextFilter.doFilterInternal(RequestContextFilter.java:99)
	at org.springframework.web.filter.OncePerRequestFilter.doFilter(OncePerRequestFilter.java:107)
	at org.apache.catalina.core.ApplicationFilterChain.internalDoFilter(ApplicationFilterChain.java:192)
	at org.apache.catalina.core.ApplicationFilterChain.doFilter(ApplicationFilterChain.java:165)
	at org.springframework.web.filter.HttpPutFormContentFilter.doFilterInternal(HttpPutFormContentFilter.java:89)
	at org.springframework.web.filter.OncePerRequestFilter.doFilter(OncePerRequestFilter.java:107)
	at org.apache.catalina.core.ApplicationFilterChain.internalDoFilter(ApplicationFilterChain.java:192)
	at org.apache.catalina.core.ApplicationFilterChain.doFilter(ApplicationFilterChain.java:165)
	at org.springframework.web.filter.HiddenHttpMethodFilter.doFilterInternal(HiddenHttpMethodFilter.java:77)
	at org.springframework.web.filter.OncePerRequestFilter.doFilter(OncePerRequestFilter.java:107)
	at org.apache.catalina.core.ApplicationFilterChain.internalDoFilter(ApplicationFilterChain.java:192)
	at org.apache.catalina.core.ApplicationFilterChain.doFilter(ApplicationFilterChain.java:165)
	at org.springframework.web.filter.CharacterEncodingFilter.doFilterInternal(CharacterEncodingFilter.java:197)
	at org.springframework.web.filter.OncePerRequestFilter.doFilter(OncePerRequestFilter.java:107)
	at org.apache.catalina.core.ApplicationFilterChain.internalDoFilter(ApplicationFilterChain.java:192)
	at org.apache.catalina.core.ApplicationFilterChain.doFilter(ApplicationFilterChain.java:165)
	at org.apache.catalina.core.StandardWrapperValve.invoke(StandardWrapperValve.java:198)
	at org.apache.catalina.core.StandardContextValve.invoke(StandardContextValve.java:108)
	at org.apache.catalina.authenticator.AuthenticatorBase.invoke(AuthenticatorBase.java:472)
	at org.apache.catalina.core.StandardHostValve.invoke(StandardHostValve.java:140)
	at org.apache.catalina.valves.ErrorReportValve.invoke(ErrorReportValve.java:79)
	at org.apache.catalina.core.StandardEngineValve.invoke(StandardEngineValve.java:87)
	at org.apache.catalina.connector.CoyoteAdapter.service(CoyoteAdapter.java:349)
	at org.apache.coyote.http11.Http11Processor.service(Http11Processor.java:784)
	at org.apache.coyote.AbstractProcessorLight.process(AbstractProcessorLight.java:66)
	at org.apache.coyote.AbstractProtocol$ConnectionHandler.process(AbstractProtocol.java:802)
	at org.apache.tomcat.util.net.NioEndpoint$SocketProcessor.doRun(NioEndpoint.java:1410)
	at org.apache.tomcat.util.net.SocketProcessorBase.run(SocketProcessorBase.java:49)
	at java.util.concurrent.ThreadPoolExecutor.runWorker(ThreadPoolExecutor.java:1142)
	at java.util.concurrent.ThreadPoolExecutor$Worker.run(ThreadPoolExecutor.java:617)
	at org.apache.tomcat.util.threads.TaskThread$WrappingRunnable.run(TaskThread.java:61)
	at java.lang.Thread.run(Thread.java:745)
2016-11-15 15:49:00,822 ERROR [http-nio-8081-exec-3] o.a.c.c.C.[.[.[.[dispatcherServlet] [DirectJDKLog.java:181] Servlet.service() for servlet [dispatcherServlet] in context with path [] threw exception [Request processing failed; nested exception is org.springframework.jdbc.BadSqlGrammarException: PreparedStatementCallback; bad SQL grammar [update es_alert_type_email set smtp = ?, port = ?, user = ?, password = ?, from = ?, to = ?, cc = ? where id =1]; nested exception is com.mysql.jdbc.exceptions.jdbc4.MySQLSyntaxErrorException: You have an error in your SQL syntax; check the manual that corresponds to your MySQL server version for the right syntax to use near 'from = 'huanwei@harmonycloud.cn', to = 'huanwei@harmonycloud.cn', cc = 'huanwei@' at line 1] with root cause
com.mysql.jdbc.exceptions.jdbc4.MySQLSyntaxErrorException: You have an error in your SQL syntax; check the manual that corresponds to your MySQL server version for the right syntax to use near 'from = 'huanwei@harmonycloud.cn', to = 'huanwei@harmonycloud.cn', cc = 'huanwei@' at line 1
	at sun.reflect.NativeConstructorAccessorImpl.newInstance0(Native Method)
	at sun.reflect.NativeConstructorAccessorImpl.newInstance(NativeConstructorAccessorImpl.java:62)
	at sun.reflect.DelegatingConstructorAccessorImpl.newInstance(DelegatingConstructorAccessorImpl.java:45)
	at java.lang.reflect.Constructor.newInstance(Constructor.java:423)
	at com.mysql.jdbc.Util.handleNewInstance(Util.java:404)
	at com.mysql.jdbc.Util.getInstance(Util.java:387)
	at com.mysql.jdbc.SQLError.createSQLException(SQLError.java:942)
	at com.mysql.jdbc.MysqlIO.checkErrorPacket(MysqlIO.java:3966)
	at com.mysql.jdbc.MysqlIO.checkErrorPacket(MysqlIO.java:3902)
	at com.mysql.jdbc.MysqlIO.sendCommand(MysqlIO.java:2526)
	at com.mysql.jdbc.MysqlIO.sqlQueryDirect(MysqlIO.java:2673)
	at com.mysql.jdbc.ConnectionImpl.execSQL(ConnectionImpl.java:2549)
	at com.mysql.jdbc.PreparedStatement.executeInternal(PreparedStatement.java:1861)
	at com.mysql.jdbc.PreparedStatement.executeUpdateInternal(PreparedStatement.java:2073)
	at com.mysql.jdbc.PreparedStatement.executeUpdateInternal(PreparedStatement.java:2009)
	at com.mysql.jdbc.PreparedStatement.executeLargeUpdate(PreparedStatement.java:5098)
	at com.mysql.jdbc.PreparedStatement.executeUpdate(PreparedStatement.java:1994)
	at org.springframework.jdbc.core.JdbcTemplate$2.doInPreparedStatement(JdbcTemplate.java:877)
	at org.springframework.jdbc.core.JdbcTemplate$2.doInPreparedStatement(JdbcTemplate.java:870)
	at org.springframework.jdbc.core.JdbcTemplate.execute(JdbcTemplate.java:633)
	at org.springframework.jdbc.core.JdbcTemplate.update(JdbcTemplate.java:870)
	at org.springframework.jdbc.core.JdbcTemplate.update(JdbcTemplate.java:931)
	at org.springframework.jdbc.core.JdbcTemplate.update(JdbcTemplate.java:941)
	at cn.harmonycloud.k8s.oam.logapi.mysql.MysqlDao.updateAlertEmail(MysqlDao.java:53)
	at cn.harmonycloud.k8s.oam.logapi.mysql.MysqlDao$$FastClassBySpringCGLIB$$19ba8dd.invoke(<generated>)
	at org.springframework.cglib.proxy.MethodProxy.invoke(MethodProxy.java:204)
	at org.springframework.aop.framework.CglibAopProxy$CglibMethodInvocation.invokeJoinpoint(CglibAopProxy.java:720)
	at org.springframework.aop.framework.ReflectiveMethodInvocation.proceed(ReflectiveMethodInvocation.java:157)
	at org.springframework.dao.support.PersistenceExceptionTranslationInterceptor.invoke(PersistenceExceptionTranslationInterceptor.java:136)
	at org.springframework.aop.framework.ReflectiveMethodInvocation.proceed(ReflectiveMethodInvocation.java:179)
	at org.springframework.aop.framework.CglibAopProxy$DynamicAdvisedInterceptor.intercept(CglibAopProxy.java:655)
	at cn.harmonycloud.k8s.oam.logapi.mysql.MysqlDao$$EnhancerBySpringCGLIB$$ad32f62f.updateAlertEmail(<generated>)
	at cn.harmonycloud.k8s.oam.logapi.apiserver.LogController.setalertemail(LogController.java:88)
	at sun.reflect.NativeMethodAccessorImpl.invoke0(Native Method)
	at sun.reflect.NativeMethodAccessorImpl.invoke(NativeMethodAccessorImpl.java:62)
	at sun.reflect.DelegatingMethodAccessorImpl.invoke(DelegatingMethodAccessorImpl.java:43)
	at java.lang.reflect.Method.invoke(Method.java:498)
	at org.springframework.web.method.support.InvocableHandlerMethod.doInvoke(InvocableHandlerMethod.java:221)
	at org.springframework.web.method.support.InvocableHandlerMethod.invokeForRequest(InvocableHandlerMethod.java:136)
	at org.springframework.web.servlet.mvc.method.annotation.ServletInvocableHandlerMethod.invokeAndHandle(ServletInvocableHandlerMethod.java:114)
	at org.springframework.web.servlet.mvc.method.annotation.RequestMappingHandlerAdapter.invokeHandlerMethod(RequestMappingHandlerAdapter.java:827)
	at org.springframework.web.servlet.mvc.method.annotation.RequestMappingHandlerAdapter.handleInternal(RequestMappingHandlerAdapter.java:738)
	at org.springframework.web.servlet.mvc.method.AbstractHandlerMethodAdapter.handle(AbstractHandlerMethodAdapter.java:85)
	at org.springframework.web.servlet.DispatcherServlet.doDispatch(DispatcherServlet.java:963)
	at org.springframework.web.servlet.DispatcherServlet.doService(DispatcherServlet.java:897)
	at org.springframework.web.servlet.FrameworkServlet.processRequest(FrameworkServlet.java:970)
	at org.springframework.web.servlet.FrameworkServlet.doPost(FrameworkServlet.java:872)
	at javax.servlet.http.HttpServlet.service(HttpServlet.java:648)
	at org.springframework.web.servlet.FrameworkServlet.service(FrameworkServlet.java:846)
	at javax.servlet.http.HttpServlet.service(HttpServlet.java:729)
	at org.apache.catalina.core.ApplicationFilterChain.internalDoFilter(ApplicationFilterChain.java:230)
	at org.apache.catalina.core.ApplicationFilterChain.doFilter(ApplicationFilterChain.java:165)
	at org.apache.tomcat.websocket.server.WsFilter.doFilter(WsFilter.java:52)
	at org.apache.catalina.core.ApplicationFilterChain.internalDoFilter(ApplicationFilterChain.java:192)
	at org.apache.catalina.core.ApplicationFilterChain.doFilter(ApplicationFilterChain.java:165)
	at org.springframework.web.filter.RequestContextFilter.doFilterInternal(RequestContextFilter.java:99)
	at org.springframework.web.filter.OncePerRequestFilter.doFilter(OncePerRequestFilter.java:107)
	at org.apache.catalina.core.ApplicationFilterChain.internalDoFilter(ApplicationFilterChain.java:192)
	at org.apache.catalina.core.ApplicationFilterChain.doFilter(ApplicationFilterChain.java:165)
	at org.springframework.web.filter.HttpPutFormContentFilter.doFilterInternal(HttpPutFormContentFilter.java:89)
	at org.springframework.web.filter.OncePerRequestFilter.doFilter(OncePerRequestFilter.java:107)
	at org.apache.catalina.core.ApplicationFilterChain.internalDoFilter(ApplicationFilterChain.java:192)
	at org.apache.catalina.core.ApplicationFilterChain.doFilter(ApplicationFilterChain.java:165)
	at org.springframework.web.filter.HiddenHttpMethodFilter.doFilterInternal(HiddenHttpMethodFilter.java:77)
	at org.springframework.web.filter.OncePerRequestFilter.doFilter(OncePerRequestFilter.java:107)
	at org.apache.catalina.core.ApplicationFilterChain.internalDoFilter(ApplicationFilterChain.java:192)
	at org.apache.catalina.core.ApplicationFilterChain.doFilter(ApplicationFilterChain.java:165)
	at org.springframework.web.filter.CharacterEncodingFilter.doFilterInternal(CharacterEncodingFilter.java:197)
	at org.springframework.web.filter.OncePerRequestFilter.doFilter(OncePerRequestFilter.java:107)
	at org.apache.catalina.core.ApplicationFilterChain.internalDoFilter(ApplicationFilterChain.java:192)
	at org.apache.catalina.core.ApplicationFilterChain.doFilter(ApplicationFilterChain.java:165)
	at org.apache.catalina.core.StandardWrapperValve.invoke(StandardWrapperValve.java:198)
	at org.apache.catalina.core.StandardContextValve.invoke(StandardContextValve.java:108)
	at org.apache.catalina.authenticator.AuthenticatorBase.invoke(AuthenticatorBase.java:472)
	at org.apache.catalina.core.StandardHostValve.invoke(StandardHostValve.java:140)
	at org.apache.catalina.valves.ErrorReportValve.invoke(ErrorReportValve.java:79)
	at org.apache.catalina.core.StandardEngineValve.invoke(StandardEngineValve.java:87)
	at org.apache.catalina.connector.CoyoteAdapter.service(CoyoteAdapter.java:349)
	at org.apache.coyote.http11.Http11Processor.service(Http11Processor.java:784)
	at org.apache.coyote.AbstractProcessorLight.process(AbstractProcessorLight.java:66)
	at org.apache.coyote.AbstractProtocol$ConnectionHandler.process(AbstractProtocol.java:802)
	at org.apache.tomcat.util.net.NioEndpoint$SocketProcessor.doRun(NioEndpoint.java:1410)
	at org.apache.tomcat.util.net.SocketProcessorBase.run(SocketProcessorBase.java:49)
	at java.util.concurrent.ThreadPoolExecutor.runWorker(ThreadPoolExecutor.java:1142)
	at java.util.concurrent.ThreadPoolExecutor$Worker.run(ThreadPoolExecutor.java:617)
	at org.apache.tomcat.util.threads.TaskThread$WrappingRunnable.run(TaskThread.java:61)
	at java.lang.Thread.run(Thread.java:745)
2016-11-15 15:49:01,889 ERROR [http-nio-8081-exec-4] o.a.c.c.C.[.[.[.[dispatcherServlet] [DirectJDKLog.java:181] Servlet.service() for servlet [dispatcherServlet] in context with path [] threw exception [Request processing failed; nested exception is org.springframework.jdbc.BadSqlGrammarException: PreparedStatementCallback; bad SQL grammar [update es_alert_type_email set smtp = ?, port = ?, user = ?, password = ?, from = ?, to = ?, cc = ? where id =1]; nested exception is com.mysql.jdbc.exceptions.jdbc4.MySQLSyntaxErrorException: You have an error in your SQL syntax; check the manual that corresponds to your MySQL server version for the right syntax to use near 'from = 'huanwei@harmonycloud.cn', to = 'huanwei@harmonycloud.cn', cc = 'huanwei@' at line 1] with root cause
com.mysql.jdbc.exceptions.jdbc4.MySQLSyntaxErrorException: You have an error in your SQL syntax; check the manual that corresponds to your MySQL server version for the right syntax to use near 'from = 'huanwei@harmonycloud.cn', to = 'huanwei@harmonycloud.cn', cc = 'huanwei@' at line 1
	at sun.reflect.NativeConstructorAccessorImpl.newInstance0(Native Method)
	at sun.reflect.NativeConstructorAccessorImpl.newInstance(NativeConstructorAccessorImpl.java:62)
	at sun.reflect.DelegatingConstructorAccessorImpl.newInstance(DelegatingConstructorAccessorImpl.java:45)
	at java.lang.reflect.Constructor.newInstance(Constructor.java:423)
	at com.mysql.jdbc.Util.handleNewInstance(Util.java:404)
	at com.mysql.jdbc.Util.getInstance(Util.java:387)
	at com.mysql.jdbc.SQLError.createSQLException(SQLError.java:942)
	at com.mysql.jdbc.MysqlIO.checkErrorPacket(MysqlIO.java:3966)
	at com.mysql.jdbc.MysqlIO.checkErrorPacket(MysqlIO.java:3902)
	at com.mysql.jdbc.MysqlIO.sendCommand(MysqlIO.java:2526)
	at com.mysql.jdbc.MysqlIO.sqlQueryDirect(MysqlIO.java:2673)
	at com.mysql.jdbc.ConnectionImpl.execSQL(ConnectionImpl.java:2549)
	at com.mysql.jdbc.PreparedStatement.executeInternal(PreparedStatement.java:1861)
	at com.mysql.jdbc.PreparedStatement.executeUpdateInternal(PreparedStatement.java:2073)
	at com.mysql.jdbc.PreparedStatement.executeUpdateInternal(PreparedStatement.java:2009)
	at com.mysql.jdbc.PreparedStatement.executeLargeUpdate(PreparedStatement.java:5098)
	at com.mysql.jdbc.PreparedStatement.executeUpdate(PreparedStatement.java:1994)
	at org.springframework.jdbc.core.JdbcTemplate$2.doInPreparedStatement(JdbcTemplate.java:877)
	at org.springframework.jdbc.core.JdbcTemplate$2.doInPreparedStatement(JdbcTemplate.java:870)
	at org.springframework.jdbc.core.JdbcTemplate.execute(JdbcTemplate.java:633)
	at org.springframework.jdbc.core.JdbcTemplate.update(JdbcTemplate.java:870)
	at org.springframework.jdbc.core.JdbcTemplate.update(JdbcTemplate.java:931)
	at org.springframework.jdbc.core.JdbcTemplate.update(JdbcTemplate.java:941)
	at cn.harmonycloud.k8s.oam.logapi.mysql.MysqlDao.updateAlertEmail(MysqlDao.java:53)
	at cn.harmonycloud.k8s.oam.logapi.mysql.MysqlDao$$FastClassBySpringCGLIB$$19ba8dd.invoke(<generated>)
	at org.springframework.cglib.proxy.MethodProxy.invoke(MethodProxy.java:204)
	at org.springframework.aop.framework.CglibAopProxy$CglibMethodInvocation.invokeJoinpoint(CglibAopProxy.java:720)
	at org.springframework.aop.framework.ReflectiveMethodInvocation.proceed(ReflectiveMethodInvocation.java:157)
	at org.springframework.dao.support.PersistenceExceptionTranslationInterceptor.invoke(PersistenceExceptionTranslationInterceptor.java:136)
	at org.springframework.aop.framework.ReflectiveMethodInvocation.proceed(ReflectiveMethodInvocation.java:179)
	at org.springframework.aop.framework.CglibAopProxy$DynamicAdvisedInterceptor.intercept(CglibAopProxy.java:655)
	at cn.harmonycloud.k8s.oam.logapi.mysql.MysqlDao$$EnhancerBySpringCGLIB$$ad32f62f.updateAlertEmail(<generated>)
	at cn.harmonycloud.k8s.oam.logapi.apiserver.LogController.setalertemail(LogController.java:88)
	at sun.reflect.NativeMethodAccessorImpl.invoke0(Native Method)
	at sun.reflect.NativeMethodAccessorImpl.invoke(NativeMethodAccessorImpl.java:62)
	at sun.reflect.DelegatingMethodAccessorImpl.invoke(DelegatingMethodAccessorImpl.java:43)
	at java.lang.reflect.Method.invoke(Method.java:498)
	at org.springframework.web.method.support.InvocableHandlerMethod.doInvoke(InvocableHandlerMethod.java:221)
	at org.springframework.web.method.support.InvocableHandlerMethod.invokeForRequest(InvocableHandlerMethod.java:136)
	at org.springframework.web.servlet.mvc.method.annotation.ServletInvocableHandlerMethod.invokeAndHandle(ServletInvocableHandlerMethod.java:114)
	at org.springframework.web.servlet.mvc.method.annotation.RequestMappingHandlerAdapter.invokeHandlerMethod(RequestMappingHandlerAdapter.java:827)
	at org.springframework.web.servlet.mvc.method.annotation.RequestMappingHandlerAdapter.handleInternal(RequestMappingHandlerAdapter.java:738)
	at org.springframework.web.servlet.mvc.method.AbstractHandlerMethodAdapter.handle(AbstractHandlerMethodAdapter.java:85)
	at org.springframework.web.servlet.DispatcherServlet.doDispatch(DispatcherServlet.java:963)
	at org.springframework.web.servlet.DispatcherServlet.doService(DispatcherServlet.java:897)
	at org.springframework.web.servlet.FrameworkServlet.processRequest(FrameworkServlet.java:970)
	at org.springframework.web.servlet.FrameworkServlet.doPost(FrameworkServlet.java:872)
	at javax.servlet.http.HttpServlet.service(HttpServlet.java:648)
	at org.springframework.web.servlet.FrameworkServlet.service(FrameworkServlet.java:846)
	at javax.servlet.http.HttpServlet.service(HttpServlet.java:729)
	at org.apache.catalina.core.ApplicationFilterChain.internalDoFilter(ApplicationFilterChain.java:230)
	at org.apache.catalina.core.ApplicationFilterChain.doFilter(ApplicationFilterChain.java:165)
	at org.apache.tomcat.websocket.server.WsFilter.doFilter(WsFilter.java:52)
	at org.apache.catalina.core.ApplicationFilterChain.internalDoFilter(ApplicationFilterChain.java:192)
	at org.apache.catalina.core.ApplicationFilterChain.doFilter(ApplicationFilterChain.java:165)
	at org.springframework.web.filter.RequestContextFilter.doFilterInternal(RequestContextFilter.java:99)
	at org.springframework.web.filter.OncePerRequestFilter.doFilter(OncePerRequestFilter.java:107)
	at org.apache.catalina.core.ApplicationFilterChain.internalDoFilter(ApplicationFilterChain.java:192)
	at org.apache.catalina.core.ApplicationFilterChain.doFilter(ApplicationFilterChain.java:165)
	at org.springframework.web.filter.HttpPutFormContentFilter.doFilterInternal(HttpPutFormContentFilter.java:89)
	at org.springframework.web.filter.OncePerRequestFilter.doFilter(OncePerRequestFilter.java:107)
	at org.apache.catalina.core.ApplicationFilterChain.internalDoFilter(ApplicationFilterChain.java:192)
	at org.apache.catalina.core.ApplicationFilterChain.doFilter(ApplicationFilterChain.java:165)
	at org.springframework.web.filter.HiddenHttpMethodFilter.doFilterInternal(HiddenHttpMethodFilter.java:77)
	at org.springframework.web.filter.OncePerRequestFilter.doFilter(OncePerRequestFilter.java:107)
	at org.apache.catalina.core.ApplicationFilterChain.internalDoFilter(ApplicationFilterChain.java:192)
	at org.apache.catalina.core.ApplicationFilterChain.doFilter(ApplicationFilterChain.java:165)
	at org.springframework.web.filter.CharacterEncodingFilter.doFilterInternal(CharacterEncodingFilter.java:197)
	at org.springframework.web.filter.OncePerRequestFilter.doFilter(OncePerRequestFilter.java:107)
	at org.apache.catalina.core.ApplicationFilterChain.internalDoFilter(ApplicationFilterChain.java:192)
	at org.apache.catalina.core.ApplicationFilterChain.doFilter(ApplicationFilterChain.java:165)
	at org.apache.catalina.core.StandardWrapperValve.invoke(StandardWrapperValve.java:198)
	at org.apache.catalina.core.StandardContextValve.invoke(StandardContextValve.java:108)
	at org.apache.catalina.authenticator.AuthenticatorBase.invoke(AuthenticatorBase.java:472)
	at org.apache.catalina.core.StandardHostValve.invoke(StandardHostValve.java:140)
	at org.apache.catalina.valves.ErrorReportValve.invoke(ErrorReportValve.java:79)
	at org.apache.catalina.core.StandardEngineValve.invoke(StandardEngineValve.java:87)
	at org.apache.catalina.connector.CoyoteAdapter.service(CoyoteAdapter.java:349)
	at org.apache.coyote.http11.Http11Processor.service(Http11Processor.java:784)
	at org.apache.coyote.AbstractProcessorLight.process(AbstractProcessorLight.java:66)
	at org.apache.coyote.AbstractProtocol$ConnectionHandler.process(AbstractProtocol.java:802)
	at org.apache.tomcat.util.net.NioEndpoint$SocketProcessor.doRun(NioEndpoint.java:1410)
	at org.apache.tomcat.util.net.SocketProcessorBase.run(SocketProcessorBase.java:49)
	at java.util.concurrent.ThreadPoolExecutor.runWorker(ThreadPoolExecutor.java:1142)
	at java.util.concurrent.ThreadPoolExecutor$Worker.run(ThreadPoolExecutor.java:617)
	at org.apache.tomcat.util.threads.TaskThread$WrappingRunnable.run(TaskThread.java:61)
	at java.lang.Thread.run(Thread.java:745)
2016-11-15 15:49:02,522 ERROR [http-nio-8081-exec-5] o.a.c.c.C.[.[.[.[dispatcherServlet] [DirectJDKLog.java:181] Servlet.service() for servlet [dispatcherServlet] in context with path [] threw exception [Request processing failed; nested exception is org.springframework.jdbc.BadSqlGrammarException: PreparedStatementCallback; bad SQL grammar [update es_alert_type_email set smtp = ?, port = ?, user = ?, password = ?, from = ?, to = ?, cc = ? where id =1]; nested exception is com.mysql.jdbc.exceptions.jdbc4.MySQLSyntaxErrorException: You have an error in your SQL syntax; check the manual that corresponds to your MySQL server version for the right syntax to use near 'from = 'huanwei@harmonycloud.cn', to = 'huanwei@harmonycloud.cn', cc = 'huanwei@' at line 1] with root cause
com.mysql.jdbc.exceptions.jdbc4.MySQLSyntaxErrorException: You have an error in your SQL syntax; check the manual that corresponds to your MySQL server version for the right syntax to use near 'from = 'huanwei@harmonycloud.cn', to = 'huanwei@harmonycloud.cn', cc = 'huanwei@' at line 1
	at sun.reflect.NativeConstructorAccessorImpl.newInstance0(Native Method)
	at sun.reflect.NativeConstructorAccessorImpl.newInstance(NativeConstructorAccessorImpl.java:62)
	at sun.reflect.DelegatingConstructorAccessorImpl.newInstance(DelegatingConstructorAccessorImpl.java:45)
	at java.lang.reflect.Constructor.newInstance(Constructor.java:423)
	at com.mysql.jdbc.Util.handleNewInstance(Util.java:404)
	at com.mysql.jdbc.Util.getInstance(Util.java:387)
	at com.mysql.jdbc.SQLError.createSQLException(SQLError.java:942)
	at com.mysql.jdbc.MysqlIO.checkErrorPacket(MysqlIO.java:3966)
	at com.mysql.jdbc.MysqlIO.checkErrorPacket(MysqlIO.java:3902)
	at com.mysql.jdbc.MysqlIO.sendCommand(MysqlIO.java:2526)
	at com.mysql.jdbc.MysqlIO.sqlQueryDirect(MysqlIO.java:2673)
	at com.mysql.jdbc.ConnectionImpl.execSQL(ConnectionImpl.java:2549)
	at com.mysql.jdbc.PreparedStatement.executeInternal(PreparedStatement.java:1861)
	at com.mysql.jdbc.PreparedStatement.executeUpdateInternal(PreparedStatement.java:2073)
	at com.mysql.jdbc.PreparedStatement.executeUpdateInternal(PreparedStatement.java:2009)
	at com.mysql.jdbc.PreparedStatement.executeLargeUpdate(PreparedStatement.java:5098)
	at com.mysql.jdbc.PreparedStatement.executeUpdate(PreparedStatement.java:1994)
	at org.springframework.jdbc.core.JdbcTemplate$2.doInPreparedStatement(JdbcTemplate.java:877)
	at org.springframework.jdbc.core.JdbcTemplate$2.doInPreparedStatement(JdbcTemplate.java:870)
	at org.springframework.jdbc.core.JdbcTemplate.execute(JdbcTemplate.java:633)
	at org.springframework.jdbc.core.JdbcTemplate.update(JdbcTemplate.java:870)
	at org.springframework.jdbc.core.JdbcTemplate.update(JdbcTemplate.java:931)
	at org.springframework.jdbc.core.JdbcTemplate.update(JdbcTemplate.java:941)
	at cn.harmonycloud.k8s.oam.logapi.mysql.MysqlDao.updateAlertEmail(MysqlDao.java:53)
	at cn.harmonycloud.k8s.oam.logapi.mysql.MysqlDao$$FastClassBySpringCGLIB$$19ba8dd.invoke(<generated>)
	at org.springframework.cglib.proxy.MethodProxy.invoke(MethodProxy.java:204)
	at org.springframework.aop.framework.CglibAopProxy$CglibMethodInvocation.invokeJoinpoint(CglibAopProxy.java:720)
	at org.springframework.aop.framework.ReflectiveMethodInvocation.proceed(ReflectiveMethodInvocation.java:157)
	at org.springframework.dao.support.PersistenceExceptionTranslationInterceptor.invoke(PersistenceExceptionTranslationInterceptor.java:136)
	at org.springframework.aop.framework.ReflectiveMethodInvocation.proceed(ReflectiveMethodInvocation.java:179)
	at org.springframework.aop.framework.CglibAopProxy$DynamicAdvisedInterceptor.intercept(CglibAopProxy.java:655)
	at cn.harmonycloud.k8s.oam.logapi.mysql.MysqlDao$$EnhancerBySpringCGLIB$$ad32f62f.updateAlertEmail(<generated>)
	at cn.harmonycloud.k8s.oam.logapi.apiserver.LogController.setalertemail(LogController.java:88)
	at sun.reflect.NativeMethodAccessorImpl.invoke0(Native Method)
	at sun.reflect.NativeMethodAccessorImpl.invoke(NativeMethodAccessorImpl.java:62)
	at sun.reflect.DelegatingMethodAccessorImpl.invoke(DelegatingMethodAccessorImpl.java:43)
	at java.lang.reflect.Method.invoke(Method.java:498)
	at org.springframework.web.method.support.InvocableHandlerMethod.doInvoke(InvocableHandlerMethod.java:221)
	at org.springframework.web.method.support.InvocableHandlerMethod.invokeForRequest(InvocableHandlerMethod.java:136)
	at org.springframework.web.servlet.mvc.method.annotation.ServletInvocableHandlerMethod.invokeAndHandle(ServletInvocableHandlerMethod.java:114)
	at org.springframework.web.servlet.mvc.method.annotation.RequestMappingHandlerAdapter.invokeHandlerMethod(RequestMappingHandlerAdapter.java:827)
	at org.springframework.web.servlet.mvc.method.annotation.RequestMappingHandlerAdapter.handleInternal(RequestMappingHandlerAdapter.java:738)
	at org.springframework.web.servlet.mvc.method.AbstractHandlerMethodAdapter.handle(AbstractHandlerMethodAdapter.java:85)
	at org.springframework.web.servlet.DispatcherServlet.doDispatch(DispatcherServlet.java:963)
	at org.springframework.web.servlet.DispatcherServlet.doService(DispatcherServlet.java:897)
	at org.springframework.web.servlet.FrameworkServlet.processRequest(FrameworkServlet.java:970)
	at org.springframework.web.servlet.FrameworkServlet.doPost(FrameworkServlet.java:872)
	at javax.servlet.http.HttpServlet.service(HttpServlet.java:648)
	at org.springframework.web.servlet.FrameworkServlet.service(FrameworkServlet.java:846)
	at javax.servlet.http.HttpServlet.service(HttpServlet.java:729)
	at org.apache.catalina.core.ApplicationFilterChain.internalDoFilter(ApplicationFilterChain.java:230)
	at org.apache.catalina.core.ApplicationFilterChain.doFilter(ApplicationFilterChain.java:165)
	at org.apache.tomcat.websocket.server.WsFilter.doFilter(WsFilter.java:52)
	at org.apache.catalina.core.ApplicationFilterChain.internalDoFilter(ApplicationFilterChain.java:192)
	at org.apache.catalina.core.ApplicationFilterChain.doFilter(ApplicationFilterChain.java:165)
	at org.springframework.web.filter.RequestContextFilter.doFilterInternal(RequestContextFilter.java:99)
	at org.springframework.web.filter.OncePerRequestFilter.doFilter(OncePerRequestFilter.java:107)
	at org.apache.catalina.core.ApplicationFilterChain.internalDoFilter(ApplicationFilterChain.java:192)
	at org.apache.catalina.core.ApplicationFilterChain.doFilter(ApplicationFilterChain.java:165)
	at org.springframework.web.filter.HttpPutFormContentFilter.doFilterInternal(HttpPutFormContentFilter.java:89)
	at org.springframework.web.filter.OncePerRequestFilter.doFilter(OncePerRequestFilter.java:107)
	at org.apache.catalina.core.ApplicationFilterChain.internalDoFilter(ApplicationFilterChain.java:192)
	at org.apache.catalina.core.ApplicationFilterChain.doFilter(ApplicationFilterChain.java:165)
	at org.springframework.web.filter.HiddenHttpMethodFilter.doFilterInternal(HiddenHttpMethodFilter.java:77)
	at org.springframework.web.filter.OncePerRequestFilter.doFilter(OncePerRequestFilter.java:107)
	at org.apache.catalina.core.ApplicationFilterChain.internalDoFilter(ApplicationFilterChain.java:192)
	at org.apache.catalina.core.ApplicationFilterChain.doFilter(ApplicationFilterChain.java:165)
	at org.springframework.web.filter.CharacterEncodingFilter.doFilterInternal(CharacterEncodingFilter.java:197)
	at org.springframework.web.filter.OncePerRequestFilter.doFilter(OncePerRequestFilter.java:107)
	at org.apache.catalina.core.ApplicationFilterChain.internalDoFilter(ApplicationFilterChain.java:192)
	at org.apache.catalina.core.ApplicationFilterChain.doFilter(ApplicationFilterChain.java:165)
	at org.apache.catalina.core.StandardWrapperValve.invoke(StandardWrapperValve.java:198)
	at org.apache.catalina.core.StandardContextValve.invoke(StandardContextValve.java:108)
	at org.apache.catalina.authenticator.AuthenticatorBase.invoke(AuthenticatorBase.java:472)
	at org.apache.catalina.core.StandardHostValve.invoke(StandardHostValve.java:140)
	at org.apache.catalina.valves.ErrorReportValve.invoke(ErrorReportValve.java:79)
	at org.apache.catalina.core.StandardEngineValve.invoke(StandardEngineValve.java:87)
	at org.apache.catalina.connector.CoyoteAdapter.service(CoyoteAdapter.java:349)
	at org.apache.coyote.http11.Http11Processor.service(Http11Processor.java:784)
	at org.apache.coyote.AbstractProcessorLight.process(AbstractProcessorLight.java:66)
	at org.apache.coyote.AbstractProtocol$ConnectionHandler.process(AbstractProtocol.java:802)
	at org.apache.tomcat.util.net.NioEndpoint$SocketProcessor.doRun(NioEndpoint.java:1410)
	at org.apache.tomcat.util.net.SocketProcessorBase.run(SocketProcessorBase.java:49)
	at java.util.concurrent.ThreadPoolExecutor.runWorker(ThreadPoolExecutor.java:1142)
	at java.util.concurrent.ThreadPoolExecutor$Worker.run(ThreadPoolExecutor.java:617)
	at org.apache.tomcat.util.threads.TaskThread$WrappingRunnable.run(TaskThread.java:61)
	at java.lang.Thread.run(Thread.java:745)
2016-11-15 15:49:40,215 ERROR [http-nio-8081-exec-6] o.a.c.c.C.[.[.[.[dispatcherServlet] [DirectJDKLog.java:181] Servlet.service() for servlet [dispatcherServlet] in context with path [] threw exception [Request processing failed; nested exception is org.springframework.jdbc.BadSqlGrammarException: PreparedStatementCallback; bad SQL grammar [update es_alert_type_email set smtp = ?, port = ?, user = ?, password = ?, from = ?, to = ?, cc = ? where id =1]; nested exception is com.mysql.jdbc.exceptions.jdbc4.MySQLSyntaxErrorException: You have an error in your SQL syntax; check the manual that corresponds to your MySQL server version for the right syntax to use near 'from = 'huanwei@harmonycloud.cn', to = 'huanwei@harmonycloud.cn', cc = 'huanwei@' at line 1] with root cause
com.mysql.jdbc.exceptions.jdbc4.MySQLSyntaxErrorException: You have an error in your SQL syntax; check the manual that corresponds to your MySQL server version for the right syntax to use near 'from = 'huanwei@harmonycloud.cn', to = 'huanwei@harmonycloud.cn', cc = 'huanwei@' at line 1
	at sun.reflect.NativeConstructorAccessorImpl.newInstance0(Native Method)
	at sun.reflect.NativeConstructorAccessorImpl.newInstance(NativeConstructorAccessorImpl.java:62)
	at sun.reflect.DelegatingConstructorAccessorImpl.newInstance(DelegatingConstructorAccessorImpl.java:45)
	at java.lang.reflect.Constructor.newInstance(Constructor.java:423)
	at com.mysql.jdbc.Util.handleNewInstance(Util.java:404)
	at com.mysql.jdbc.Util.getInstance(Util.java:387)
	at com.mysql.jdbc.SQLError.createSQLException(SQLError.java:942)
	at com.mysql.jdbc.MysqlIO.checkErrorPacket(MysqlIO.java:3966)
	at com.mysql.jdbc.MysqlIO.checkErrorPacket(MysqlIO.java:3902)
	at com.mysql.jdbc.MysqlIO.sendCommand(MysqlIO.java:2526)
	at com.mysql.jdbc.MysqlIO.sqlQueryDirect(MysqlIO.java:2673)
	at com.mysql.jdbc.ConnectionImpl.execSQL(ConnectionImpl.java:2549)
	at com.mysql.jdbc.PreparedStatement.executeInternal(PreparedStatement.java:1861)
	at com.mysql.jdbc.PreparedStatement.executeUpdateInternal(PreparedStatement.java:2073)
	at com.mysql.jdbc.PreparedStatement.executeUpdateInternal(PreparedStatement.java:2009)
	at com.mysql.jdbc.PreparedStatement.executeLargeUpdate(PreparedStatement.java:5098)
	at com.mysql.jdbc.PreparedStatement.executeUpdate(PreparedStatement.java:1994)
	at org.springframework.jdbc.core.JdbcTemplate$2.doInPreparedStatement(JdbcTemplate.java:877)
	at org.springframework.jdbc.core.JdbcTemplate$2.doInPreparedStatement(JdbcTemplate.java:870)
	at org.springframework.jdbc.core.JdbcTemplate.execute(JdbcTemplate.java:633)
	at org.springframework.jdbc.core.JdbcTemplate.update(JdbcTemplate.java:870)
	at org.springframework.jdbc.core.JdbcTemplate.update(JdbcTemplate.java:931)
	at org.springframework.jdbc.core.JdbcTemplate.update(JdbcTemplate.java:941)
	at cn.harmonycloud.k8s.oam.logapi.mysql.MysqlDao.updateAlertEmail(MysqlDao.java:53)
	at cn.harmonycloud.k8s.oam.logapi.mysql.MysqlDao$$FastClassBySpringCGLIB$$19ba8dd.invoke(<generated>)
	at org.springframework.cglib.proxy.MethodProxy.invoke(MethodProxy.java:204)
	at org.springframework.aop.framework.CglibAopProxy$CglibMethodInvocation.invokeJoinpoint(CglibAopProxy.java:720)
	at org.springframework.aop.framework.ReflectiveMethodInvocation.proceed(ReflectiveMethodInvocation.java:157)
	at org.springframework.dao.support.PersistenceExceptionTranslationInterceptor.invoke(PersistenceExceptionTranslationInterceptor.java:136)
	at org.springframework.aop.framework.ReflectiveMethodInvocation.proceed(ReflectiveMethodInvocation.java:179)
	at org.springframework.aop.framework.CglibAopProxy$DynamicAdvisedInterceptor.intercept(CglibAopProxy.java:655)
	at cn.harmonycloud.k8s.oam.logapi.mysql.MysqlDao$$EnhancerBySpringCGLIB$$ad32f62f.updateAlertEmail(<generated>)
	at cn.harmonycloud.k8s.oam.logapi.apiserver.LogController.setalertemail(LogController.java:88)
	at sun.reflect.NativeMethodAccessorImpl.invoke0(Native Method)
	at sun.reflect.NativeMethodAccessorImpl.invoke(NativeMethodAccessorImpl.java:62)
	at sun.reflect.DelegatingMethodAccessorImpl.invoke(DelegatingMethodAccessorImpl.java:43)
	at java.lang.reflect.Method.invoke(Method.java:498)
	at org.springframework.web.method.support.InvocableHandlerMethod.doInvoke(InvocableHandlerMethod.java:221)
	at org.springframework.web.method.support.InvocableHandlerMethod.invokeForRequest(InvocableHandlerMethod.java:136)
	at org.springframework.web.servlet.mvc.method.annotation.ServletInvocableHandlerMethod.invokeAndHandle(ServletInvocableHandlerMethod.java:114)
	at org.springframework.web.servlet.mvc.method.annotation.RequestMappingHandlerAdapter.invokeHandlerMethod(RequestMappingHandlerAdapter.java:827)
	at org.springframework.web.servlet.mvc.method.annotation.RequestMappingHandlerAdapter.handleInternal(RequestMappingHandlerAdapter.java:738)
	at org.springframework.web.servlet.mvc.method.AbstractHandlerMethodAdapter.handle(AbstractHandlerMethodAdapter.java:85)
	at org.springframework.web.servlet.DispatcherServlet.doDispatch(DispatcherServlet.java:963)
	at org.springframework.web.servlet.DispatcherServlet.doService(DispatcherServlet.java:897)
	at org.springframework.web.servlet.FrameworkServlet.processRequest(FrameworkServlet.java:970)
	at org.springframework.web.servlet.FrameworkServlet.doPost(FrameworkServlet.java:872)
	at javax.servlet.http.HttpServlet.service(HttpServlet.java:648)
	at org.springframework.web.servlet.FrameworkServlet.service(FrameworkServlet.java:846)
	at javax.servlet.http.HttpServlet.service(HttpServlet.java:729)
	at org.apache.catalina.core.ApplicationFilterChain.internalDoFilter(ApplicationFilterChain.java:230)
	at org.apache.catalina.core.ApplicationFilterChain.doFilter(ApplicationFilterChain.java:165)
	at org.apache.tomcat.websocket.server.WsFilter.doFilter(WsFilter.java:52)
	at org.apache.catalina.core.ApplicationFilterChain.internalDoFilter(ApplicationFilterChain.java:192)
	at org.apache.catalina.core.ApplicationFilterChain.doFilter(ApplicationFilterChain.java:165)
	at org.springframework.web.filter.RequestContextFilter.doFilterInternal(RequestContextFilter.java:99)
	at org.springframework.web.filter.OncePerRequestFilter.doFilter(OncePerRequestFilter.java:107)
	at org.apache.catalina.core.ApplicationFilterChain.internalDoFilter(ApplicationFilterChain.java:192)
	at org.apache.catalina.core.ApplicationFilterChain.doFilter(ApplicationFilterChain.java:165)
	at org.springframework.web.filter.HttpPutFormContentFilter.doFilterInternal(HttpPutFormContentFilter.java:89)
	at org.springframework.web.filter.OncePerRequestFilter.doFilter(OncePerRequestFilter.java:107)
	at org.apache.catalina.core.ApplicationFilterChain.internalDoFilter(ApplicationFilterChain.java:192)
	at org.apache.catalina.core.ApplicationFilterChain.doFilter(ApplicationFilterChain.java:165)
	at org.springframework.web.filter.HiddenHttpMethodFilter.doFilterInternal(HiddenHttpMethodFilter.java:77)
	at org.springframework.web.filter.OncePerRequestFilter.doFilter(OncePerRequestFilter.java:107)
	at org.apache.catalina.core.ApplicationFilterChain.internalDoFilter(ApplicationFilterChain.java:192)
	at org.apache.catalina.core.ApplicationFilterChain.doFilter(ApplicationFilterChain.java:165)
	at org.springframework.web.filter.CharacterEncodingFilter.doFilterInternal(CharacterEncodingFilter.java:197)
	at org.springframework.web.filter.OncePerRequestFilter.doFilter(OncePerRequestFilter.java:107)
	at org.apache.catalina.core.ApplicationFilterChain.internalDoFilter(ApplicationFilterChain.java:192)
	at org.apache.catalina.core.ApplicationFilterChain.doFilter(ApplicationFilterChain.java:165)
	at org.apache.catalina.core.StandardWrapperValve.invoke(StandardWrapperValve.java:198)
	at org.apache.catalina.core.StandardContextValve.invoke(StandardContextValve.java:108)
	at org.apache.catalina.authenticator.AuthenticatorBase.invoke(AuthenticatorBase.java:472)
	at org.apache.catalina.core.StandardHostValve.invoke(StandardHostValve.java:140)
	at org.apache.catalina.valves.ErrorReportValve.invoke(ErrorReportValve.java:79)
	at org.apache.catalina.core.StandardEngineValve.invoke(StandardEngineValve.java:87)
	at org.apache.catalina.connector.CoyoteAdapter.service(CoyoteAdapter.java:349)
	at org.apache.coyote.http11.Http11Processor.service(Http11Processor.java:784)
	at org.apache.coyote.AbstractProcessorLight.process(AbstractProcessorLight.java:66)
	at org.apache.coyote.AbstractProtocol$ConnectionHandler.process(AbstractProtocol.java:802)
	at org.apache.tomcat.util.net.NioEndpoint$SocketProcessor.doRun(NioEndpoint.java:1410)
	at org.apache.tomcat.util.net.SocketProcessorBase.run(SocketProcessorBase.java:49)
	at java.util.concurrent.ThreadPoolExecutor.runWorker(ThreadPoolExecutor.java:1142)
	at java.util.concurrent.ThreadPoolExecutor$Worker.run(ThreadPoolExecutor.java:617)
	at org.apache.tomcat.util.threads.TaskThread$WrappingRunnable.run(TaskThread.java:61)
	at java.lang.Thread.run(Thread.java:745)
