2016-11-15 16:01:31,400 INFO [main] c.h.k.o.l.App [StartupInfoLogger.java:48] Starting App v1.0-SNAPSHOT on share-ThinkCentre-E73 with PID 839 (/home/share/IdeaProjects/k8s-oam/api/logapi/target/api.logapi-1.0-SNAPSHOT.jar started by share in /home/share/IdeaProjects/k8s-oam/api/logapi)
2016-11-15 16:01:31,407 INFO [main] c.h.k.o.l.App [SpringApplication.java:665] The following profiles are active: dev
2016-11-15 16:01:31,538 INFO [main] o.s.b.c.e.AnnotationConfigEmbeddedWebApplicationContext [AbstractApplicationContext.java:581] Refreshing org.springframework.boot.context.embedded.AnnotationConfigEmbeddedWebApplicationContext@7e32c033: startup date [Tue Nov 15 16:01:31 CST 2016]; root of context hierarchy
2016-11-15 16:01:31,703 INFO [background-preinit] o.h.v.i.u.Version [Version.java:30] HV000001: Hibernate Validator 5.2.4.Final
2016-11-15 16:01:32,600 INFO [main] o.s.c.s.PostProcessorRegistrationDelegate$BeanPostProcessorChecker [PostProcessorRegistrationDelegate.java:328] Bean 'org.springframework.transaction.annotation.ProxyTransactionManagementConfiguration' of type [class org.springframework.transaction.annotation.ProxyTransactionManagementConfiguration$$EnhancerBySpringCGLIB$$4de5f826] is not eligible for getting processed by all BeanPostProcessors (for example: not eligible for auto-proxying)
2016-11-15 16:01:33,201 INFO [main] o.s.b.c.e.t.TomcatEmbeddedServletContainer [TomcatEmbeddedServletContainer.java:87] Tomcat initialized with port(s): 8081 (http)
2016-11-15 16:01:33,213 INFO [main] o.a.c.c.StandardService [DirectJDKLog.java:179] Starting service Tomcat
2016-11-15 16:01:33,214 INFO [main] o.a.c.c.StandardEngine [DirectJDKLog.java:179] Starting Servlet Engine: Apache Tomcat/8.5.5
2016-11-15 16:01:33,292 INFO [localhost-startStop-1] o.a.c.c.C.[.[.[/] [DirectJDKLog.java:179] Initializing Spring embedded WebApplicationContext
2016-11-15 16:01:33,292 INFO [localhost-startStop-1] o.s.w.c.ContextLoader [EmbeddedWebApplicationContext.java:276] Root WebApplicationContext: initialization completed in 1754 ms
2016-11-15 16:01:33,458 INFO [localhost-startStop-1] o.s.b.w.s.ServletRegistrationBean [ServletRegistrationBean.java:190] Mapping servlet: 'dispatcherServlet' to [/]
2016-11-15 16:01:33,461 INFO [localhost-startStop-1] o.s.b.w.s.FilterRegistrationBean [AbstractFilterRegistrationBean.java:258] Mapping filter: 'characterEncodingFilter' to: [/*]
2016-11-15 16:01:33,462 INFO [localhost-startStop-1] o.s.b.w.s.FilterRegistrationBean [AbstractFilterRegistrationBean.java:258] Mapping filter: 'hiddenHttpMethodFilter' to: [/*]
2016-11-15 16:01:33,462 INFO [localhost-startStop-1] o.s.b.w.s.FilterRegistrationBean [AbstractFilterRegistrationBean.java:258] Mapping filter: 'httpPutFormContentFilter' to: [/*]
2016-11-15 16:01:33,462 INFO [localhost-startStop-1] o.s.b.w.s.FilterRegistrationBean [AbstractFilterRegistrationBean.java:258] Mapping filter: 'requestContextFilter' to: [/*]
2016-11-15 16:01:34,269 INFO [main] o.s.w.s.m.m.a.RequestMappingHandlerAdapter [RequestMappingHandlerAdapter.java:534] Looking for @ControllerAdvice: org.springframework.boot.context.embedded.AnnotationConfigEmbeddedWebApplicationContext@7e32c033: startup date [Tue Nov 15 16:01:31 CST 2016]; root of context hierarchy
2016-11-15 16:01:34,355 INFO [main] o.s.w.s.m.m.a.RequestMappingHandlerMapping [AbstractHandlerMethodMapping.java:543] Mapped "{[/api/log/monitor]}" onto public java.util.List<cn.harmonycloud.k8s.oam.logapi.domain.LogMonitorConfig> cn.harmonycloud.k8s.oam.logapi.apiserver.LogController.monitor()
2016-11-15 16:01:34,357 INFO [main] o.s.w.s.m.m.a.RequestMappingHandlerMapping [AbstractHandlerMethodMapping.java:543] Mapped "{[/api/log/setmonitor],methods=[POST]}" onto public cn.harmonycloud.k8s.oam.logapi.domain.LogMonitorConfig cn.harmonycloud.k8s.oam.logapi.apiserver.LogController.setmonitor(cn.harmonycloud.k8s.oam.logapi.domain.LogMonitorConfig)
2016-11-15 16:01:34,357 INFO [main] o.s.w.s.m.m.a.RequestMappingHandlerMapping [AbstractHandlerMethodMapping.java:543] Mapped "{[/api/log/setalerttype],methods=[POST]}" onto public cn.harmonycloud.k8s.oam.logapi.dto.AlertType cn.harmonycloud.k8s.oam.logapi.apiserver.LogController.setalerttype(cn.harmonycloud.k8s.oam.logapi.dto.AlertType)
2016-11-15 16:01:34,358 INFO [main] o.s.w.s.m.m.a.RequestMappingHandlerMapping [AbstractHandlerMethodMapping.java:543] Mapped "{[/api/log/alerttype]}" onto public java.lang.String cn.harmonycloud.k8s.oam.logapi.apiserver.LogController.alerttype()
2016-11-15 16:01:34,358 INFO [main] o.s.w.s.m.m.a.RequestMappingHandlerMapping [AbstractHandlerMethodMapping.java:543] Mapped "{[/api/log/setalertemail],methods=[POST]}" onto public cn.harmonycloud.k8s.oam.logapi.domain.MailInfo cn.harmonycloud.k8s.oam.logapi.apiserver.LogController.setalertemail(cn.harmonycloud.k8s.oam.logapi.domain.MailInfo)
2016-11-15 16:01:34,358 INFO [main] o.s.w.s.m.m.a.RequestMappingHandlerMapping [AbstractHandlerMethodMapping.java:543] Mapped "{[/api/log/alertemail]}" onto public cn.harmonycloud.k8s.oam.logapi.domain.MailInfo cn.harmonycloud.k8s.oam.logapi.apiserver.LogController.alertemail()
2016-11-15 16:01:34,359 INFO [main] o.s.w.s.m.m.a.RequestMappingHandlerMapping [AbstractHandlerMethodMapping.java:543] Mapped "{[/api/log/greeting]}" onto public cn.harmonycloud.k8s.oam.logapi.apiserver.Greeting cn.harmonycloud.k8s.oam.logapi.apiserver.GreetingController.greeting(java.lang.String)
2016-11-15 16:01:34,359 INFO [main] o.s.w.s.m.m.a.RequestMappingHandlerMapping [AbstractHandlerMethodMapping.java:543] Mapped "{[/api/log/profile]}" onto public java.lang.String cn.harmonycloud.k8s.oam.logapi.apiserver.GreetingController.getProfile()
2016-11-15 16:01:34,365 INFO [main] o.s.w.s.m.m.a.RequestMappingHandlerMapping [AbstractHandlerMethodMapping.java:543] Mapped "{[/error],produces=[text/html]}" onto public org.springframework.web.servlet.ModelAndView org.springframework.boot.autoconfigure.web.BasicErrorController.errorHtml(javax.servlet.http.HttpServletRequest,javax.servlet.http.HttpServletResponse)
2016-11-15 16:01:34,365 INFO [main] o.s.w.s.m.m.a.RequestMappingHandlerMapping [AbstractHandlerMethodMapping.java:543] Mapped "{[/error]}" onto public org.springframework.http.ResponseEntity<java.util.Map<java.lang.String, java.lang.Object>> org.springframework.boot.autoconfigure.web.BasicErrorController.error(javax.servlet.http.HttpServletRequest)
2016-11-15 16:01:34,409 INFO [main] o.s.w.s.h.SimpleUrlHandlerMapping [AbstractUrlHandlerMapping.java:354] Mapped URL path [/webjars/**] onto handler of type [class org.springframework.web.servlet.resource.ResourceHttpRequestHandler]
2016-11-15 16:01:34,410 INFO [main] o.s.w.s.h.SimpleUrlHandlerMapping [AbstractUrlHandlerMapping.java:354] Mapped URL path [/**] onto handler of type [class org.springframework.web.servlet.resource.ResourceHttpRequestHandler]
2016-11-15 16:01:34,460 INFO [main] o.s.w.s.h.SimpleUrlHandlerMapping [AbstractUrlHandlerMapping.java:354] Mapped URL path [/**/favicon.ico] onto handler of type [class org.springframework.web.servlet.resource.ResourceHttpRequestHandler]
2016-11-15 16:01:34,674 INFO [main] o.s.j.e.a.AnnotationMBeanExporter [MBeanExporter.java:431] Registering beans for JMX exposure on startup
2016-11-15 16:01:34,688 INFO [main] o.a.c.h.Http11NioProtocol [DirectJDKLog.java:179] Initializing ProtocolHandler ["http-nio-8081"]
2016-11-15 16:01:34,696 INFO [main] o.a.c.h.Http11NioProtocol [DirectJDKLog.java:179] Starting ProtocolHandler [http-nio-8081]
2016-11-15 16:01:34,702 INFO [main] o.a.t.u.n.NioSelectorPool [DirectJDKLog.java:179] Using a shared selector for servlet write/read
2016-11-15 16:01:34,750 INFO [main] o.s.b.c.e.t.TomcatEmbeddedServletContainer [TomcatEmbeddedServletContainer.java:185] Tomcat started on port(s): 8081 (http)
2016-11-15 16:01:34,758 INFO [main] c.h.k.o.l.App [StartupInfoLogger.java:57] Started App in 3.905 seconds (JVM running for 4.41)
2016-11-15 16:01:39,371 INFO [http-nio-8081-exec-1] o.a.c.c.C.[.[.[/] [DirectJDKLog.java:179] Initializing Spring FrameworkServlet 'dispatcherServlet'
2016-11-15 16:01:39,371 INFO [http-nio-8081-exec-1] o.s.w.s.DispatcherServlet [FrameworkServlet.java:489] FrameworkServlet 'dispatcherServlet': initialization started
2016-11-15 16:01:39,382 INFO [http-nio-8081-exec-1] o.s.w.s.DispatcherServlet [FrameworkServlet.java:508] FrameworkServlet 'dispatcherServlet': initialization completed in 11 ms
2016-11-15 16:01:40,266 INFO [http-nio-8081-exec-1] o.s.b.f.x.XmlBeanDefinitionReader [XmlBeanDefinitionReader.java:317] Loading XML bean definitions from class path resource [org/springframework/jdbc/support/sql-error-codes.xml]
2016-11-15 16:01:40,317 INFO [http-nio-8081-exec-1] o.s.j.s.SQLErrorCodesFactory [SQLErrorCodesFactory.java:126] SQLErrorCodes loaded: [DB2, Derby, H2, HSQL, Informix, MS-SQL, MySQL, Oracle, PostgreSQL, Sybase, Hana]
2016-11-15 16:01:40,325 ERROR [http-nio-8081-exec-1] o.a.c.c.C.[.[.[.[dispatcherServlet] [DirectJDKLog.java:181] Servlet.service() for servlet [dispatcherServlet] in context with path [] threw exception [Request processing failed; nested exception is org.springframework.jdbc.BadSqlGrammarException: PreparedStatementCallback; bad SQL grammar [update es_alert_type_email set from=? where id=1]; nested exception is com.mysql.jdbc.exceptions.jdbc4.MySQLSyntaxErrorException: You have an error in your SQL syntax; check the manual that corresponds to your MySQL server version for the right syntax to use near 'from='huanwei@harmonycloud.cn' where id=1' at line 1] with root cause
com.mysql.jdbc.exceptions.jdbc4.MySQLSyntaxErrorException: You have an error in your SQL syntax; check the manual that corresponds to your MySQL server version for the right syntax to use near 'from='huanwei@harmonycloud.cn' where id=1' at line 1
	at sun.reflect.NativeConstructorAccessorImpl.newInstance0(Native Method)
	at sun.reflect.NativeConstructorAccessorImpl.newInstance(NativeConstructorAccessorImpl.java:62)
	at sun.reflect.DelegatingConstructorAccessorImpl.newInstance(DelegatingConstructorAccessorImpl.java:45)
	at java.lang.reflect.Constructor.newInstance(Constructor.java:423)
	at com.mysql.jdbc.Util.handleNewInstance(Util.java:404)
	at com.mysql.jdbc.Util.getInstance(Util.java:387)
	at com.mysql.jdbc.SQLError.createSQLException(SQLError.java:942)
	at com.mysql.jdbc.MysqlIO.checkErrorPacket(MysqlIO.java:3966)
	at com.mysql.jdbc.MysqlIO.checkErrorPacket(MysqlIO.java:3902)
	at com.mysql.jdbc.MysqlIO.sendCommand(MysqlIO.java:2526)
	at com.mysql.jdbc.MysqlIO.sqlQueryDirect(MysqlIO.java:2673)
	at com.mysql.jdbc.ConnectionImpl.execSQL(ConnectionImpl.java:2549)
	at com.mysql.jdbc.PreparedStatement.executeInternal(PreparedStatement.java:1861)
	at com.mysql.jdbc.PreparedStatement.executeUpdateInternal(PreparedStatement.java:2073)
	at com.mysql.jdbc.PreparedStatement.executeUpdateInternal(PreparedStatement.java:2009)
	at com.mysql.jdbc.PreparedStatement.executeLargeUpdate(PreparedStatement.java:5098)
	at com.mysql.jdbc.PreparedStatement.executeUpdate(PreparedStatement.java:1994)
	at org.springframework.jdbc.core.JdbcTemplate$2.doInPreparedStatement(JdbcTemplate.java:877)
	at org.springframework.jdbc.core.JdbcTemplate$2.doInPreparedStatement(JdbcTemplate.java:870)
	at org.springframework.jdbc.core.JdbcTemplate.execute(JdbcTemplate.java:633)
	at org.springframework.jdbc.core.JdbcTemplate.update(JdbcTemplate.java:870)
	at org.springframework.jdbc.core.JdbcTemplate.update(JdbcTemplate.java:931)
	at org.springframework.jdbc.core.JdbcTemplate.update(JdbcTemplate.java:941)
	at cn.harmonycloud.k8s.oam.logapi.mysql.MysqlDao.updateAlertEmail(MysqlDao.java:66)
	at cn.harmonycloud.k8s.oam.logapi.mysql.MysqlDao$$FastClassBySpringCGLIB$$19ba8dd.invoke(<generated>)
	at org.springframework.cglib.proxy.MethodProxy.invoke(MethodProxy.java:204)
	at org.springframework.aop.framework.CglibAopProxy$CglibMethodInvocation.invokeJoinpoint(CglibAopProxy.java:720)
	at org.springframework.aop.framework.ReflectiveMethodInvocation.proceed(ReflectiveMethodInvocation.java:157)
	at org.springframework.dao.support.PersistenceExceptionTranslationInterceptor.invoke(PersistenceExceptionTranslationInterceptor.java:136)
	at org.springframework.aop.framework.ReflectiveMethodInvocation.proceed(ReflectiveMethodInvocation.java:179)
	at org.springframework.aop.framework.CglibAopProxy$DynamicAdvisedInterceptor.intercept(CglibAopProxy.java:655)
	at cn.harmonycloud.k8s.oam.logapi.mysql.MysqlDao$$EnhancerBySpringCGLIB$$3a41eb53.updateAlertEmail(<generated>)
	at cn.harmonycloud.k8s.oam.logapi.apiserver.LogController.setalertemail(LogController.java:88)
	at sun.reflect.NativeMethodAccessorImpl.invoke0(Native Method)
	at sun.reflect.NativeMethodAccessorImpl.invoke(NativeMethodAccessorImpl.java:62)
	at sun.reflect.DelegatingMethodAccessorImpl.invoke(DelegatingMethodAccessorImpl.java:43)
	at java.lang.reflect.Method.invoke(Method.java:498)
	at org.springframework.web.method.support.InvocableHandlerMethod.doInvoke(InvocableHandlerMethod.java:221)
	at org.springframework.web.method.support.InvocableHandlerMethod.invokeForRequest(InvocableHandlerMethod.java:136)
	at org.springframework.web.servlet.mvc.method.annotation.ServletInvocableHandlerMethod.invokeAndHandle(ServletInvocableHandlerMethod.java:114)
	at org.springframework.web.servlet.mvc.method.annotation.RequestMappingHandlerAdapter.invokeHandlerMethod(RequestMappingHandlerAdapter.java:827)
	at org.springframework.web.servlet.mvc.method.annotation.RequestMappingHandlerAdapter.handleInternal(RequestMappingHandlerAdapter.java:738)
	at org.springframework.web.servlet.mvc.method.AbstractHandlerMethodAdapter.handle(AbstractHandlerMethodAdapter.java:85)
	at org.springframework.web.servlet.DispatcherServlet.doDispatch(DispatcherServlet.java:963)
	at org.springframework.web.servlet.DispatcherServlet.doService(DispatcherServlet.java:897)
	at org.springframework.web.servlet.FrameworkServlet.processRequest(FrameworkServlet.java:970)
	at org.springframework.web.servlet.FrameworkServlet.doPost(FrameworkServlet.java:872)
	at javax.servlet.http.HttpServlet.service(HttpServlet.java:648)
	at org.springframework.web.servlet.FrameworkServlet.service(FrameworkServlet.java:846)
	at javax.servlet.http.HttpServlet.service(HttpServlet.java:729)
	at org.apache.catalina.core.ApplicationFilterChain.internalDoFilter(ApplicationFilterChain.java:230)
	at org.apache.catalina.core.ApplicationFilterChain.doFilter(ApplicationFilterChain.java:165)
	at org.apache.tomcat.websocket.server.WsFilter.doFilter(WsFilter.java:52)
	at org.apache.catalina.core.ApplicationFilterChain.internalDoFilter(ApplicationFilterChain.java:192)
	at org.apache.catalina.core.ApplicationFilterChain.doFilter(ApplicationFilterChain.java:165)
	at org.springframework.web.filter.RequestContextFilter.doFilterInternal(RequestContextFilter.java:99)
	at org.springframework.web.filter.OncePerRequestFilter.doFilter(OncePerRequestFilter.java:107)
	at org.apache.catalina.core.ApplicationFilterChain.internalDoFilter(ApplicationFilterChain.java:192)
	at org.apache.catalina.core.ApplicationFilterChain.doFilter(ApplicationFilterChain.java:165)
	at org.springframework.web.filter.HttpPutFormContentFilter.doFilterInternal(HttpPutFormContentFilter.java:89)
	at org.springframework.web.filter.OncePerRequestFilter.doFilter(OncePerRequestFilter.java:107)
	at org.apache.catalina.core.ApplicationFilterChain.internalDoFilter(ApplicationFilterChain.java:192)
	at org.apache.catalina.core.ApplicationFilterChain.doFilter(ApplicationFilterChain.java:165)
	at org.springframework.web.filter.HiddenHttpMethodFilter.doFilterInternal(HiddenHttpMethodFilter.java:77)
	at org.springframework.web.filter.OncePerRequestFilter.doFilter(OncePerRequestFilter.java:107)
	at org.apache.catalina.core.ApplicationFilterChain.internalDoFilter(ApplicationFilterChain.java:192)
	at org.apache.catalina.core.ApplicationFilterChain.doFilter(ApplicationFilterChain.java:165)
	at org.springframework.web.filter.CharacterEncodingFilter.doFilterInternal(CharacterEncodingFilter.java:197)
	at org.springframework.web.filter.OncePerRequestFilter.doFilter(OncePerRequestFilter.java:107)
	at org.apache.catalina.core.ApplicationFilterChain.internalDoFilter(ApplicationFilterChain.java:192)
	at org.apache.catalina.core.ApplicationFilterChain.doFilter(ApplicationFilterChain.java:165)
	at org.apache.catalina.core.StandardWrapperValve.invoke(StandardWrapperValve.java:198)
	at org.apache.catalina.core.StandardContextValve.invoke(StandardContextValve.java:108)
	at org.apache.catalina.authenticator.AuthenticatorBase.invoke(AuthenticatorBase.java:472)
	at org.apache.catalina.core.StandardHostValve.invoke(StandardHostValve.java:140)
	at org.apache.catalina.valves.ErrorReportValve.invoke(ErrorReportValve.java:79)
	at org.apache.catalina.core.StandardEngineValve.invoke(StandardEngineValve.java:87)
	at org.apache.catalina.connector.CoyoteAdapter.service(CoyoteAdapter.java:349)
	at org.apache.coyote.http11.Http11Processor.service(Http11Processor.java:784)
	at org.apache.coyote.AbstractProcessorLight.process(AbstractProcessorLight.java:66)
	at org.apache.coyote.AbstractProtocol$ConnectionHandler.process(AbstractProtocol.java:802)
	at org.apache.tomcat.util.net.NioEndpoint$SocketProcessor.doRun(NioEndpoint.java:1410)
	at org.apache.tomcat.util.net.SocketProcessorBase.run(SocketProcessorBase.java:49)
	at java.util.concurrent.ThreadPoolExecutor.runWorker(ThreadPoolExecutor.java:1142)
	at java.util.concurrent.ThreadPoolExecutor$Worker.run(ThreadPoolExecutor.java:617)
	at org.apache.tomcat.util.threads.TaskThread$WrappingRunnable.run(TaskThread.java:61)
	at java.lang.Thread.run(Thread.java:745)
2016-11-15 16:04:42,178 INFO [main] c.h.k.o.l.App [StartupInfoLogger.java:48] Starting App v1.0-SNAPSHOT on share-ThinkCentre-E73 with PID 987 (/home/share/IdeaProjects/k8s-oam/api/logapi/target/api.logapi-1.0-SNAPSHOT.jar started by share in /home/share/IdeaProjects/k8s-oam/api/logapi)
2016-11-15 16:04:42,193 INFO [main] c.h.k.o.l.App [SpringApplication.java:665] The following profiles are active: dev
2016-11-15 16:04:42,304 INFO [main] o.s.b.c.e.AnnotationConfigEmbeddedWebApplicationContext [AbstractApplicationContext.java:581] Refreshing org.springframework.boot.context.embedded.AnnotationConfigEmbeddedWebApplicationContext@7e32c033: startup date [Tue Nov 15 16:04:42 CST 2016]; root of context hierarchy
2016-11-15 16:04:42,617 INFO [background-preinit] o.h.v.i.u.Version [Version.java:30] HV000001: Hibernate Validator 5.2.4.Final
2016-11-15 16:04:43,790 INFO [main] o.s.c.s.PostProcessorRegistrationDelegate$BeanPostProcessorChecker [PostProcessorRegistrationDelegate.java:328] Bean 'org.springframework.transaction.annotation.ProxyTransactionManagementConfiguration' of type [class org.springframework.transaction.annotation.ProxyTransactionManagementConfiguration$$EnhancerBySpringCGLIB$$4de5f826] is not eligible for getting processed by all BeanPostProcessors (for example: not eligible for auto-proxying)
2016-11-15 16:04:44,503 INFO [main] o.s.b.c.e.t.TomcatEmbeddedServletContainer [TomcatEmbeddedServletContainer.java:87] Tomcat initialized with port(s): 8081 (http)
2016-11-15 16:04:44,527 INFO [main] o.a.c.c.StandardService [DirectJDKLog.java:179] Starting service Tomcat
2016-11-15 16:04:44,529 INFO [main] o.a.c.c.StandardEngine [DirectJDKLog.java:179] Starting Servlet Engine: Apache Tomcat/8.5.5
2016-11-15 16:04:44,647 INFO [localhost-startStop-1] o.a.c.c.C.[.[.[/] [DirectJDKLog.java:179] Initializing Spring embedded WebApplicationContext
2016-11-15 16:04:44,649 INFO [localhost-startStop-1] o.s.w.c.ContextLoader [EmbeddedWebApplicationContext.java:276] Root WebApplicationContext: initialization completed in 2345 ms
2016-11-15 16:04:44,863 INFO [localhost-startStop-1] o.s.b.w.s.ServletRegistrationBean [ServletRegistrationBean.java:190] Mapping servlet: 'dispatcherServlet' to [/]
2016-11-15 16:04:44,875 INFO [localhost-startStop-1] o.s.b.w.s.FilterRegistrationBean [AbstractFilterRegistrationBean.java:258] Mapping filter: 'characterEncodingFilter' to: [/*]
2016-11-15 16:04:44,875 INFO [localhost-startStop-1] o.s.b.w.s.FilterRegistrationBean [AbstractFilterRegistrationBean.java:258] Mapping filter: 'hiddenHttpMethodFilter' to: [/*]
2016-11-15 16:04:44,876 INFO [localhost-startStop-1] o.s.b.w.s.FilterRegistrationBean [AbstractFilterRegistrationBean.java:258] Mapping filter: 'httpPutFormContentFilter' to: [/*]
2016-11-15 16:04:44,876 INFO [localhost-startStop-1] o.s.b.w.s.FilterRegistrationBean [AbstractFilterRegistrationBean.java:258] Mapping filter: 'requestContextFilter' to: [/*]
2016-11-15 16:04:45,320 INFO [main] o.s.w.s.m.m.a.RequestMappingHandlerAdapter [RequestMappingHandlerAdapter.java:534] Looking for @ControllerAdvice: org.springframework.boot.context.embedded.AnnotationConfigEmbeddedWebApplicationContext@7e32c033: startup date [Tue Nov 15 16:04:42 CST 2016]; root of context hierarchy
2016-11-15 16:04:45,381 INFO [main] o.s.w.s.m.m.a.RequestMappingHandlerMapping [AbstractHandlerMethodMapping.java:543] Mapped "{[/api/log/monitor]}" onto public java.util.List<cn.harmonycloud.k8s.oam.logapi.domain.LogMonitorConfig> cn.harmonycloud.k8s.oam.logapi.apiserver.LogController.monitor()
2016-11-15 16:04:45,382 INFO [main] o.s.w.s.m.m.a.RequestMappingHandlerMapping [AbstractHandlerMethodMapping.java:543] Mapped "{[/api/log/setmonitor],methods=[POST]}" onto public cn.harmonycloud.k8s.oam.logapi.domain.LogMonitorConfig cn.harmonycloud.k8s.oam.logapi.apiserver.LogController.setmonitor(cn.harmonycloud.k8s.oam.logapi.domain.LogMonitorConfig)
2016-11-15 16:04:45,382 INFO [main] o.s.w.s.m.m.a.RequestMappingHandlerMapping [AbstractHandlerMethodMapping.java:543] Mapped "{[/api/log/setalerttype],methods=[POST]}" onto public cn.harmonycloud.k8s.oam.logapi.dto.AlertType cn.harmonycloud.k8s.oam.logapi.apiserver.LogController.setalerttype(cn.harmonycloud.k8s.oam.logapi.dto.AlertType)
2016-11-15 16:04:45,382 INFO [main] o.s.w.s.m.m.a.RequestMappingHandlerMapping [AbstractHandlerMethodMapping.java:543] Mapped "{[/api/log/alerttype]}" onto public java.lang.String cn.harmonycloud.k8s.oam.logapi.apiserver.LogController.alerttype()
2016-11-15 16:04:45,382 INFO [main] o.s.w.s.m.m.a.RequestMappingHandlerMapping [AbstractHandlerMethodMapping.java:543] Mapped "{[/api/log/setalertemail],methods=[POST]}" onto public cn.harmonycloud.k8s.oam.logapi.domain.MailInfo cn.harmonycloud.k8s.oam.logapi.apiserver.LogController.setalertemail(cn.harmonycloud.k8s.oam.logapi.domain.MailInfo)
2016-11-15 16:04:45,383 INFO [main] o.s.w.s.m.m.a.RequestMappingHandlerMapping [AbstractHandlerMethodMapping.java:543] Mapped "{[/api/log/alertemail]}" onto public cn.harmonycloud.k8s.oam.logapi.domain.MailInfo cn.harmonycloud.k8s.oam.logapi.apiserver.LogController.alertemail()
2016-11-15 16:04:45,390 INFO [main] o.s.w.s.m.m.a.RequestMappingHandlerMapping [AbstractHandlerMethodMapping.java:543] Mapped "{[/api/log/greeting]}" onto public cn.harmonycloud.k8s.oam.logapi.apiserver.Greeting cn.harmonycloud.k8s.oam.logapi.apiserver.GreetingController.greeting(java.lang.String)
2016-11-15 16:04:45,390 INFO [main] o.s.w.s.m.m.a.RequestMappingHandlerMapping [AbstractHandlerMethodMapping.java:543] Mapped "{[/api/log/profile]}" onto public java.lang.String cn.harmonycloud.k8s.oam.logapi.apiserver.GreetingController.getProfile()
2016-11-15 16:04:45,392 INFO [main] o.s.w.s.m.m.a.RequestMappingHandlerMapping [AbstractHandlerMethodMapping.java:543] Mapped "{[/error],produces=[text/html]}" onto public org.springframework.web.servlet.ModelAndView org.springframework.boot.autoconfigure.web.BasicErrorController.errorHtml(javax.servlet.http.HttpServletRequest,javax.servlet.http.HttpServletResponse)
2016-11-15 16:04:45,393 INFO [main] o.s.w.s.m.m.a.RequestMappingHandlerMapping [AbstractHandlerMethodMapping.java:543] Mapped "{[/error]}" onto public org.springframework.http.ResponseEntity<java.util.Map<java.lang.String, java.lang.Object>> org.springframework.boot.autoconfigure.web.BasicErrorController.error(javax.servlet.http.HttpServletRequest)
2016-11-15 16:04:45,419 INFO [main] o.s.w.s.h.SimpleUrlHandlerMapping [AbstractUrlHandlerMapping.java:354] Mapped URL path [/webjars/**] onto handler of type [class org.springframework.web.servlet.resource.ResourceHttpRequestHandler]
2016-11-15 16:04:45,419 INFO [main] o.s.w.s.h.SimpleUrlHandlerMapping [AbstractUrlHandlerMapping.java:354] Mapped URL path [/**] onto handler of type [class org.springframework.web.servlet.resource.ResourceHttpRequestHandler]
2016-11-15 16:04:45,477 INFO [main] o.s.w.s.h.SimpleUrlHandlerMapping [AbstractUrlHandlerMapping.java:354] Mapped URL path [/**/favicon.ico] onto handler of type [class org.springframework.web.servlet.resource.ResourceHttpRequestHandler]
2016-11-15 16:04:45,789 INFO [main] o.s.j.e.a.AnnotationMBeanExporter [MBeanExporter.java:431] Registering beans for JMX exposure on startup
2016-11-15 16:04:45,807 INFO [main] o.a.c.h.Http11NioProtocol [DirectJDKLog.java:179] Initializing ProtocolHandler ["http-nio-8081"]
2016-11-15 16:04:45,831 INFO [main] o.a.c.h.Http11NioProtocol [DirectJDKLog.java:179] Starting ProtocolHandler [http-nio-8081]
2016-11-15 16:04:45,838 INFO [main] o.a.t.u.n.NioSelectorPool [DirectJDKLog.java:179] Using a shared selector for servlet write/read
2016-11-15 16:04:45,933 INFO [main] o.s.b.c.e.t.TomcatEmbeddedServletContainer [TomcatEmbeddedServletContainer.java:185] Tomcat started on port(s): 8081 (http)
2016-11-15 16:04:45,939 INFO [main] c.h.k.o.l.App [StartupInfoLogger.java:57] Started App in 4.348 seconds (JVM running for 4.903)
2016-11-15 16:04:49,502 INFO [http-nio-8081-exec-1] o.a.c.c.C.[.[.[/] [DirectJDKLog.java:179] Initializing Spring FrameworkServlet 'dispatcherServlet'
2016-11-15 16:04:49,502 INFO [http-nio-8081-exec-1] o.s.w.s.DispatcherServlet [FrameworkServlet.java:489] FrameworkServlet 'dispatcherServlet': initialization started
2016-11-15 16:04:49,528 INFO [http-nio-8081-exec-1] o.s.w.s.DispatcherServlet [FrameworkServlet.java:508] FrameworkServlet 'dispatcherServlet': initialization completed in 26 ms
2016-11-15 16:04:50,470 INFO [http-nio-8081-exec-1] o.s.b.f.x.XmlBeanDefinitionReader [XmlBeanDefinitionReader.java:317] Loading XML bean definitions from class path resource [org/springframework/jdbc/support/sql-error-codes.xml]
2016-11-15 16:04:50,527 INFO [http-nio-8081-exec-1] o.s.j.s.SQLErrorCodesFactory [SQLErrorCodesFactory.java:126] SQLErrorCodes loaded: [DB2, Derby, H2, HSQL, Informix, MS-SQL, MySQL, Oracle, PostgreSQL, Sybase, Hana]
2016-11-15 16:04:50,537 ERROR [http-nio-8081-exec-1] o.a.c.c.C.[.[.[.[dispatcherServlet] [DirectJDKLog.java:181] Servlet.service() for servlet [dispatcherServlet] in context with path [] threw exception [Request processing failed; nested exception is org.springframework.jdbc.BadSqlGrammarException: PreparedStatementCallback; bad SQL grammar [update es_alert_type_email set to=? where id=1]; nested exception is com.mysql.jdbc.exceptions.jdbc4.MySQLSyntaxErrorException: You have an error in your SQL syntax; check the manual that corresponds to your MySQL server version for the right syntax to use near 'to='huanwei@harmonycloud.cn' where id=1' at line 1] with root cause
com.mysql.jdbc.exceptions.jdbc4.MySQLSyntaxErrorException: You have an error in your SQL syntax; check the manual that corresponds to your MySQL server version for the right syntax to use near 'to='huanwei@harmonycloud.cn' where id=1' at line 1
	at sun.reflect.NativeConstructorAccessorImpl.newInstance0(Native Method)
	at sun.reflect.NativeConstructorAccessorImpl.newInstance(NativeConstructorAccessorImpl.java:62)
	at sun.reflect.DelegatingConstructorAccessorImpl.newInstance(DelegatingConstructorAccessorImpl.java:45)
	at java.lang.reflect.Constructor.newInstance(Constructor.java:423)
	at com.mysql.jdbc.Util.handleNewInstance(Util.java:404)
	at com.mysql.jdbc.Util.getInstance(Util.java:387)
	at com.mysql.jdbc.SQLError.createSQLException(SQLError.java:942)
	at com.mysql.jdbc.MysqlIO.checkErrorPacket(MysqlIO.java:3966)
	at com.mysql.jdbc.MysqlIO.checkErrorPacket(MysqlIO.java:3902)
	at com.mysql.jdbc.MysqlIO.sendCommand(MysqlIO.java:2526)
	at com.mysql.jdbc.MysqlIO.sqlQueryDirect(MysqlIO.java:2673)
	at com.mysql.jdbc.ConnectionImpl.execSQL(ConnectionImpl.java:2549)
	at com.mysql.jdbc.PreparedStatement.executeInternal(PreparedStatement.java:1861)
	at com.mysql.jdbc.PreparedStatement.executeUpdateInternal(PreparedStatement.java:2073)
	at com.mysql.jdbc.PreparedStatement.executeUpdateInternal(PreparedStatement.java:2009)
	at com.mysql.jdbc.PreparedStatement.executeLargeUpdate(PreparedStatement.java:5098)
	at com.mysql.jdbc.PreparedStatement.executeUpdate(PreparedStatement.java:1994)
	at org.springframework.jdbc.core.JdbcTemplate$2.doInPreparedStatement(JdbcTemplate.java:877)
	at org.springframework.jdbc.core.JdbcTemplate$2.doInPreparedStatement(JdbcTemplate.java:870)
	at org.springframework.jdbc.core.JdbcTemplate.execute(JdbcTemplate.java:633)
	at org.springframework.jdbc.core.JdbcTemplate.update(JdbcTemplate.java:870)
	at org.springframework.jdbc.core.JdbcTemplate.update(JdbcTemplate.java:931)
	at org.springframework.jdbc.core.JdbcTemplate.update(JdbcTemplate.java:941)
	at cn.harmonycloud.k8s.oam.logapi.mysql.MysqlDao.updateAlertEmail(MysqlDao.java:69)
	at cn.harmonycloud.k8s.oam.logapi.mysql.MysqlDao$$FastClassBySpringCGLIB$$19ba8dd.invoke(<generated>)
	at org.springframework.cglib.proxy.MethodProxy.invoke(MethodProxy.java:204)
	at org.springframework.aop.framework.CglibAopProxy$CglibMethodInvocation.invokeJoinpoint(CglibAopProxy.java:720)
	at org.springframework.aop.framework.ReflectiveMethodInvocation.proceed(ReflectiveMethodInvocation.java:157)
	at org.springframework.dao.support.PersistenceExceptionTranslationInterceptor.invoke(PersistenceExceptionTranslationInterceptor.java:136)
	at org.springframework.aop.framework.ReflectiveMethodInvocation.proceed(ReflectiveMethodInvocation.java:179)
	at org.springframework.aop.framework.CglibAopProxy$DynamicAdvisedInterceptor.intercept(CglibAopProxy.java:655)
	at cn.harmonycloud.k8s.oam.logapi.mysql.MysqlDao$$EnhancerBySpringCGLIB$$3a41eb53.updateAlertEmail(<generated>)
	at cn.harmonycloud.k8s.oam.logapi.apiserver.LogController.setalertemail(LogController.java:88)
	at sun.reflect.NativeMethodAccessorImpl.invoke0(Native Method)
	at sun.reflect.NativeMethodAccessorImpl.invoke(NativeMethodAccessorImpl.java:62)
	at sun.reflect.DelegatingMethodAccessorImpl.invoke(DelegatingMethodAccessorImpl.java:43)
	at java.lang.reflect.Method.invoke(Method.java:498)
	at org.springframework.web.method.support.InvocableHandlerMethod.doInvoke(InvocableHandlerMethod.java:221)
	at org.springframework.web.method.support.InvocableHandlerMethod.invokeForRequest(InvocableHandlerMethod.java:136)
	at org.springframework.web.servlet.mvc.method.annotation.ServletInvocableHandlerMethod.invokeAndHandle(ServletInvocableHandlerMethod.java:114)
	at org.springframework.web.servlet.mvc.method.annotation.RequestMappingHandlerAdapter.invokeHandlerMethod(RequestMappingHandlerAdapter.java:827)
	at org.springframework.web.servlet.mvc.method.annotation.RequestMappingHandlerAdapter.handleInternal(RequestMappingHandlerAdapter.java:738)
	at org.springframework.web.servlet.mvc.method.AbstractHandlerMethodAdapter.handle(AbstractHandlerMethodAdapter.java:85)
	at org.springframework.web.servlet.DispatcherServlet.doDispatch(DispatcherServlet.java:963)
	at org.springframework.web.servlet.DispatcherServlet.doService(DispatcherServlet.java:897)
	at org.springframework.web.servlet.FrameworkServlet.processRequest(FrameworkServlet.java:970)
	at org.springframework.web.servlet.FrameworkServlet.doPost(FrameworkServlet.java:872)
	at javax.servlet.http.HttpServlet.service(HttpServlet.java:648)
	at org.springframework.web.servlet.FrameworkServlet.service(FrameworkServlet.java:846)
	at javax.servlet.http.HttpServlet.service(HttpServlet.java:729)
	at org.apache.catalina.core.ApplicationFilterChain.internalDoFilter(ApplicationFilterChain.java:230)
	at org.apache.catalina.core.ApplicationFilterChain.doFilter(ApplicationFilterChain.java:165)
	at org.apache.tomcat.websocket.server.WsFilter.doFilter(WsFilter.java:52)
	at org.apache.catalina.core.ApplicationFilterChain.internalDoFilter(ApplicationFilterChain.java:192)
	at org.apache.catalina.core.ApplicationFilterChain.doFilter(ApplicationFilterChain.java:165)
	at org.springframework.web.filter.RequestContextFilter.doFilterInternal(RequestContextFilter.java:99)
	at org.springframework.web.filter.OncePerRequestFilter.doFilter(OncePerRequestFilter.java:107)
	at org.apache.catalina.core.ApplicationFilterChain.internalDoFilter(ApplicationFilterChain.java:192)
	at org.apache.catalina.core.ApplicationFilterChain.doFilter(ApplicationFilterChain.java:165)
	at org.springframework.web.filter.HttpPutFormContentFilter.doFilterInternal(HttpPutFormContentFilter.java:89)
	at org.springframework.web.filter.OncePerRequestFilter.doFilter(OncePerRequestFilter.java:107)
	at org.apache.catalina.core.ApplicationFilterChain.internalDoFilter(ApplicationFilterChain.java:192)
	at org.apache.catalina.core.ApplicationFilterChain.doFilter(ApplicationFilterChain.java:165)
	at org.springframework.web.filter.HiddenHttpMethodFilter.doFilterInternal(HiddenHttpMethodFilter.java:77)
	at org.springframework.web.filter.OncePerRequestFilter.doFilter(OncePerRequestFilter.java:107)
	at org.apache.catalina.core.ApplicationFilterChain.internalDoFilter(ApplicationFilterChain.java:192)
	at org.apache.catalina.core.ApplicationFilterChain.doFilter(ApplicationFilterChain.java:165)
	at org.springframework.web.filter.CharacterEncodingFilter.doFilterInternal(CharacterEncodingFilter.java:197)
	at org.springframework.web.filter.OncePerRequestFilter.doFilter(OncePerRequestFilter.java:107)
	at org.apache.catalina.core.ApplicationFilterChain.internalDoFilter(ApplicationFilterChain.java:192)
	at org.apache.catalina.core.ApplicationFilterChain.doFilter(ApplicationFilterChain.java:165)
	at org.apache.catalina.core.StandardWrapperValve.invoke(StandardWrapperValve.java:198)
	at org.apache.catalina.core.StandardContextValve.invoke(StandardContextValve.java:108)
	at org.apache.catalina.authenticator.AuthenticatorBase.invoke(AuthenticatorBase.java:472)
	at org.apache.catalina.core.StandardHostValve.invoke(StandardHostValve.java:140)
	at org.apache.catalina.valves.ErrorReportValve.invoke(ErrorReportValve.java:79)
	at org.apache.catalina.core.StandardEngineValve.invoke(StandardEngineValve.java:87)
	at org.apache.catalina.connector.CoyoteAdapter.service(CoyoteAdapter.java:349)
	at org.apache.coyote.http11.Http11Processor.service(Http11Processor.java:784)
	at org.apache.coyote.AbstractProcessorLight.process(AbstractProcessorLight.java:66)
	at org.apache.coyote.AbstractProtocol$ConnectionHandler.process(AbstractProtocol.java:802)
	at org.apache.tomcat.util.net.NioEndpoint$SocketProcessor.doRun(NioEndpoint.java:1410)
	at org.apache.tomcat.util.net.SocketProcessorBase.run(SocketProcessorBase.java:49)
	at java.util.concurrent.ThreadPoolExecutor.runWorker(ThreadPoolExecutor.java:1142)
	at java.util.concurrent.ThreadPoolExecutor$Worker.run(ThreadPoolExecutor.java:617)
	at org.apache.tomcat.util.threads.TaskThread$WrappingRunnable.run(TaskThread.java:61)
	at java.lang.Thread.run(Thread.java:745)
2016-11-15 16:05:53,337 ERROR [http-nio-8081-exec-2] o.a.c.c.C.[.[.[.[dispatcherServlet] [DirectJDKLog.java:181] Servlet.service() for servlet [dispatcherServlet] in context with path [] threw exception [Request processing failed; nested exception is org.springframework.jdbc.BadSqlGrammarException: PreparedStatementCallback; bad SQL grammar [update es_alert_type_email set to=? where id=1]; nested exception is com.mysql.jdbc.exceptions.jdbc4.MySQLSyntaxErrorException: You have an error in your SQL syntax; check the manual that corresponds to your MySQL server version for the right syntax to use near 'to='huanwei@harmonycloud.cn' where id=1' at line 1] with root cause
com.mysql.jdbc.exceptions.jdbc4.MySQLSyntaxErrorException: You have an error in your SQL syntax; check the manual that corresponds to your MySQL server version for the right syntax to use near 'to='huanwei@harmonycloud.cn' where id=1' at line 1
	at sun.reflect.NativeConstructorAccessorImpl.newInstance0(Native Method)
	at sun.reflect.NativeConstructorAccessorImpl.newInstance(NativeConstructorAccessorImpl.java:62)
	at sun.reflect.DelegatingConstructorAccessorImpl.newInstance(DelegatingConstructorAccessorImpl.java:45)
	at java.lang.reflect.Constructor.newInstance(Constructor.java:423)
	at com.mysql.jdbc.Util.handleNewInstance(Util.java:404)
	at com.mysql.jdbc.Util.getInstance(Util.java:387)
	at com.mysql.jdbc.SQLError.createSQLException(SQLError.java:942)
	at com.mysql.jdbc.MysqlIO.checkErrorPacket(MysqlIO.java:3966)
	at com.mysql.jdbc.MysqlIO.checkErrorPacket(MysqlIO.java:3902)
	at com.mysql.jdbc.MysqlIO.sendCommand(MysqlIO.java:2526)
	at com.mysql.jdbc.MysqlIO.sqlQueryDirect(MysqlIO.java:2673)
	at com.mysql.jdbc.ConnectionImpl.execSQL(ConnectionImpl.java:2549)
	at com.mysql.jdbc.PreparedStatement.executeInternal(PreparedStatement.java:1861)
	at com.mysql.jdbc.PreparedStatement.executeUpdateInternal(PreparedStatement.java:2073)
	at com.mysql.jdbc.PreparedStatement.executeUpdateInternal(PreparedStatement.java:2009)
	at com.mysql.jdbc.PreparedStatement.executeLargeUpdate(PreparedStatement.java:5098)
	at com.mysql.jdbc.PreparedStatement.executeUpdate(PreparedStatement.java:1994)
	at org.springframework.jdbc.core.JdbcTemplate$2.doInPreparedStatement(JdbcTemplate.java:877)
	at org.springframework.jdbc.core.JdbcTemplate$2.doInPreparedStatement(JdbcTemplate.java:870)
	at org.springframework.jdbc.core.JdbcTemplate.execute(JdbcTemplate.java:633)
	at org.springframework.jdbc.core.JdbcTemplate.update(JdbcTemplate.java:870)
	at org.springframework.jdbc.core.JdbcTemplate.update(JdbcTemplate.java:931)
	at org.springframework.jdbc.core.JdbcTemplate.update(JdbcTemplate.java:941)
	at cn.harmonycloud.k8s.oam.logapi.mysql.MysqlDao.updateAlertEmail(MysqlDao.java:69)
	at cn.harmonycloud.k8s.oam.logapi.mysql.MysqlDao$$FastClassBySpringCGLIB$$19ba8dd.invoke(<generated>)
	at org.springframework.cglib.proxy.MethodProxy.invoke(MethodProxy.java:204)
	at org.springframework.aop.framework.CglibAopProxy$CglibMethodInvocation.invokeJoinpoint(CglibAopProxy.java:720)
	at org.springframework.aop.framework.ReflectiveMethodInvocation.proceed(ReflectiveMethodInvocation.java:157)
	at org.springframework.dao.support.PersistenceExceptionTranslationInterceptor.invoke(PersistenceExceptionTranslationInterceptor.java:136)
	at org.springframework.aop.framework.ReflectiveMethodInvocation.proceed(ReflectiveMethodInvocation.java:179)
	at org.springframework.aop.framework.CglibAopProxy$DynamicAdvisedInterceptor.intercept(CglibAopProxy.java:655)
	at cn.harmonycloud.k8s.oam.logapi.mysql.MysqlDao$$EnhancerBySpringCGLIB$$3a41eb53.updateAlertEmail(<generated>)
	at cn.harmonycloud.k8s.oam.logapi.apiserver.LogController.setalertemail(LogController.java:88)
	at sun.reflect.NativeMethodAccessorImpl.invoke0(Native Method)
	at sun.reflect.NativeMethodAccessorImpl.invoke(NativeMethodAccessorImpl.java:62)
	at sun.reflect.DelegatingMethodAccessorImpl.invoke(DelegatingMethodAccessorImpl.java:43)
	at java.lang.reflect.Method.invoke(Method.java:498)
	at org.springframework.web.method.support.InvocableHandlerMethod.doInvoke(InvocableHandlerMethod.java:221)
	at org.springframework.web.method.support.InvocableHandlerMethod.invokeForRequest(InvocableHandlerMethod.java:136)
	at org.springframework.web.servlet.mvc.method.annotation.ServletInvocableHandlerMethod.invokeAndHandle(ServletInvocableHandlerMethod.java:114)
	at org.springframework.web.servlet.mvc.method.annotation.RequestMappingHandlerAdapter.invokeHandlerMethod(RequestMappingHandlerAdapter.java:827)
	at org.springframework.web.servlet.mvc.method.annotation.RequestMappingHandlerAdapter.handleInternal(RequestMappingHandlerAdapter.java:738)
	at org.springframework.web.servlet.mvc.method.AbstractHandlerMethodAdapter.handle(AbstractHandlerMethodAdapter.java:85)
	at org.springframework.web.servlet.DispatcherServlet.doDispatch(DispatcherServlet.java:963)
	at org.springframework.web.servlet.DispatcherServlet.doService(DispatcherServlet.java:897)
	at org.springframework.web.servlet.FrameworkServlet.processRequest(FrameworkServlet.java:970)
	at org.springframework.web.servlet.FrameworkServlet.doPost(FrameworkServlet.java:872)
	at javax.servlet.http.HttpServlet.service(HttpServlet.java:648)
	at org.springframework.web.servlet.FrameworkServlet.service(FrameworkServlet.java:846)
	at javax.servlet.http.HttpServlet.service(HttpServlet.java:729)
	at org.apache.catalina.core.ApplicationFilterChain.internalDoFilter(ApplicationFilterChain.java:230)
	at org.apache.catalina.core.ApplicationFilterChain.doFilter(ApplicationFilterChain.java:165)
	at org.apache.tomcat.websocket.server.WsFilter.doFilter(WsFilter.java:52)
	at org.apache.catalina.core.ApplicationFilterChain.internalDoFilter(ApplicationFilterChain.java:192)
	at org.apache.catalina.core.ApplicationFilterChain.doFilter(ApplicationFilterChain.java:165)
	at org.springframework.web.filter.RequestContextFilter.doFilterInternal(RequestContextFilter.java:99)
	at org.springframework.web.filter.OncePerRequestFilter.doFilter(OncePerRequestFilter.java:107)
	at org.apache.catalina.core.ApplicationFilterChain.internalDoFilter(ApplicationFilterChain.java:192)
	at org.apache.catalina.core.ApplicationFilterChain.doFilter(ApplicationFilterChain.java:165)
	at org.springframework.web.filter.HttpPutFormContentFilter.doFilterInternal(HttpPutFormContentFilter.java:89)
	at org.springframework.web.filter.OncePerRequestFilter.doFilter(OncePerRequestFilter.java:107)
	at org.apache.catalina.core.ApplicationFilterChain.internalDoFilter(ApplicationFilterChain.java:192)
	at org.apache.catalina.core.ApplicationFilterChain.doFilter(ApplicationFilterChain.java:165)
	at org.springframework.web.filter.HiddenHttpMethodFilter.doFilterInternal(HiddenHttpMethodFilter.java:77)
	at org.springframework.web.filter.OncePerRequestFilter.doFilter(OncePerRequestFilter.java:107)
	at org.apache.catalina.core.ApplicationFilterChain.internalDoFilter(ApplicationFilterChain.java:192)
	at org.apache.catalina.core.ApplicationFilterChain.doFilter(ApplicationFilterChain.java:165)
	at org.springframework.web.filter.CharacterEncodingFilter.doFilterInternal(CharacterEncodingFilter.java:197)
	at org.springframework.web.filter.OncePerRequestFilter.doFilter(OncePerRequestFilter.java:107)
	at org.apache.catalina.core.ApplicationFilterChain.internalDoFilter(ApplicationFilterChain.java:192)
	at org.apache.catalina.core.ApplicationFilterChain.doFilter(ApplicationFilterChain.java:165)
	at org.apache.catalina.core.StandardWrapperValve.invoke(StandardWrapperValve.java:198)
	at org.apache.catalina.core.StandardContextValve.invoke(StandardContextValve.java:108)
	at org.apache.catalina.authenticator.AuthenticatorBase.invoke(AuthenticatorBase.java:472)
	at org.apache.catalina.core.StandardHostValve.invoke(StandardHostValve.java:140)
	at org.apache.catalina.valves.ErrorReportValve.invoke(ErrorReportValve.java:79)
	at org.apache.catalina.core.StandardEngineValve.invoke(StandardEngineValve.java:87)
	at org.apache.catalina.connector.CoyoteAdapter.service(CoyoteAdapter.java:349)
	at org.apache.coyote.http11.Http11Processor.service(Http11Processor.java:784)
	at org.apache.coyote.AbstractProcessorLight.process(AbstractProcessorLight.java:66)
	at org.apache.coyote.AbstractProtocol$ConnectionHandler.process(AbstractProtocol.java:802)
	at org.apache.tomcat.util.net.NioEndpoint$SocketProcessor.doRun(NioEndpoint.java:1410)
	at org.apache.tomcat.util.net.SocketProcessorBase.run(SocketProcessorBase.java:49)
	at java.util.concurrent.ThreadPoolExecutor.runWorker(ThreadPoolExecutor.java:1142)
	at java.util.concurrent.ThreadPoolExecutor$Worker.run(ThreadPoolExecutor.java:617)
	at org.apache.tomcat.util.threads.TaskThread$WrappingRunnable.run(TaskThread.java:61)
	at java.lang.Thread.run(Thread.java:745)
2016-11-15 16:07:14,117 INFO [main] c.h.k.o.l.App [StartupInfoLogger.java:48] Starting App v1.0-SNAPSHOT on share-ThinkCentre-E73 with PID 1078 (/home/share/IdeaProjects/k8s-oam/api/logapi/target/api.logapi-1.0-SNAPSHOT.jar started by share in /home/share/IdeaProjects/k8s-oam/api/logapi)
2016-11-15 16:07:14,120 INFO [main] c.h.k.o.l.App [SpringApplication.java:665] The following profiles are active: dev
2016-11-15 16:07:14,208 INFO [main] o.s.b.c.e.AnnotationConfigEmbeddedWebApplicationContext [AbstractApplicationContext.java:581] Refreshing org.springframework.boot.context.embedded.AnnotationConfigEmbeddedWebApplicationContext@7e32c033: startup date [Tue Nov 15 16:07:14 CST 2016]; root of context hierarchy
2016-11-15 16:07:14,558 INFO [background-preinit] o.h.v.i.u.Version [Version.java:30] HV000001: Hibernate Validator 5.2.4.Final
2016-11-15 16:07:15,354 INFO [main] o.s.c.s.PostProcessorRegistrationDelegate$BeanPostProcessorChecker [PostProcessorRegistrationDelegate.java:328] Bean 'org.springframework.transaction.annotation.ProxyTransactionManagementConfiguration' of type [class org.springframework.transaction.annotation.ProxyTransactionManagementConfiguration$$EnhancerBySpringCGLIB$$4de5f826] is not eligible for getting processed by all BeanPostProcessors (for example: not eligible for auto-proxying)
2016-11-15 16:07:15,822 INFO [main] o.s.b.c.e.t.TomcatEmbeddedServletContainer [TomcatEmbeddedServletContainer.java:87] Tomcat initialized with port(s): 8081 (http)
2016-11-15 16:07:15,833 INFO [main] o.a.c.c.StandardService [DirectJDKLog.java:179] Starting service Tomcat
2016-11-15 16:07:15,834 INFO [main] o.a.c.c.StandardEngine [DirectJDKLog.java:179] Starting Servlet Engine: Apache Tomcat/8.5.5
2016-11-15 16:07:15,900 INFO [localhost-startStop-1] o.a.c.c.C.[.[.[/] [DirectJDKLog.java:179] Initializing Spring embedded WebApplicationContext
2016-11-15 16:07:15,901 INFO [localhost-startStop-1] o.s.w.c.ContextLoader [EmbeddedWebApplicationContext.java:276] Root WebApplicationContext: initialization completed in 1693 ms
2016-11-15 16:07:16,009 INFO [localhost-startStop-1] o.s.b.w.s.ServletRegistrationBean [ServletRegistrationBean.java:190] Mapping servlet: 'dispatcherServlet' to [/]
2016-11-15 16:07:16,013 INFO [localhost-startStop-1] o.s.b.w.s.FilterRegistrationBean [AbstractFilterRegistrationBean.java:258] Mapping filter: 'characterEncodingFilter' to: [/*]
2016-11-15 16:07:16,013 INFO [localhost-startStop-1] o.s.b.w.s.FilterRegistrationBean [AbstractFilterRegistrationBean.java:258] Mapping filter: 'hiddenHttpMethodFilter' to: [/*]
2016-11-15 16:07:16,013 INFO [localhost-startStop-1] o.s.b.w.s.FilterRegistrationBean [AbstractFilterRegistrationBean.java:258] Mapping filter: 'httpPutFormContentFilter' to: [/*]
2016-11-15 16:07:16,013 INFO [localhost-startStop-1] o.s.b.w.s.FilterRegistrationBean [AbstractFilterRegistrationBean.java:258] Mapping filter: 'requestContextFilter' to: [/*]
2016-11-15 16:07:16,845 INFO [main] o.s.w.s.m.m.a.RequestMappingHandlerAdapter [RequestMappingHandlerAdapter.java:534] Looking for @ControllerAdvice: org.springframework.boot.context.embedded.AnnotationConfigEmbeddedWebApplicationContext@7e32c033: startup date [Tue Nov 15 16:07:14 CST 2016]; root of context hierarchy
2016-11-15 16:07:16,933 INFO [main] o.s.w.s.m.m.a.RequestMappingHandlerMapping [AbstractHandlerMethodMapping.java:543] Mapped "{[/api/log/monitor]}" onto public java.util.List<cn.harmonycloud.k8s.oam.logapi.domain.LogMonitorConfig> cn.harmonycloud.k8s.oam.logapi.apiserver.LogController.monitor()
2016-11-15 16:07:16,934 INFO [main] o.s.w.s.m.m.a.RequestMappingHandlerMapping [AbstractHandlerMethodMapping.java:543] Mapped "{[/api/log/setmonitor],methods=[POST]}" onto public cn.harmonycloud.k8s.oam.logapi.domain.LogMonitorConfig cn.harmonycloud.k8s.oam.logapi.apiserver.LogController.setmonitor(cn.harmonycloud.k8s.oam.logapi.domain.LogMonitorConfig)
2016-11-15 16:07:16,934 INFO [main] o.s.w.s.m.m.a.RequestMappingHandlerMapping [AbstractHandlerMethodMapping.java:543] Mapped "{[/api/log/alerttype]}" onto public java.lang.String cn.harmonycloud.k8s.oam.logapi.apiserver.LogController.alerttype()
2016-11-15 16:07:16,934 INFO [main] o.s.w.s.m.m.a.RequestMappingHandlerMapping [AbstractHandlerMethodMapping.java:543] Mapped "{[/api/log/setalertemail],methods=[POST]}" onto public cn.harmonycloud.k8s.oam.logapi.domain.MailInfo cn.harmonycloud.k8s.oam.logapi.apiserver.LogController.setalertemail(cn.harmonycloud.k8s.oam.logapi.domain.MailInfo)
2016-11-15 16:07:16,935 INFO [main] o.s.w.s.m.m.a.RequestMappingHandlerMapping [AbstractHandlerMethodMapping.java:543] Mapped "{[/api/log/alertemail]}" onto public cn.harmonycloud.k8s.oam.logapi.domain.MailInfo cn.harmonycloud.k8s.oam.logapi.apiserver.LogController.alertemail()
2016-11-15 16:07:16,935 INFO [main] o.s.w.s.m.m.a.RequestMappingHandlerMapping [AbstractHandlerMethodMapping.java:543] Mapped "{[/api/log/setalerttype],methods=[POST]}" onto public cn.harmonycloud.k8s.oam.logapi.dto.AlertType cn.harmonycloud.k8s.oam.logapi.apiserver.LogController.setalerttype(cn.harmonycloud.k8s.oam.logapi.dto.AlertType)
2016-11-15 16:07:16,935 INFO [main] o.s.w.s.m.m.a.RequestMappingHandlerMapping [AbstractHandlerMethodMapping.java:543] Mapped "{[/api/log/greeting]}" onto public cn.harmonycloud.k8s.oam.logapi.apiserver.Greeting cn.harmonycloud.k8s.oam.logapi.apiserver.GreetingController.greeting(java.lang.String)
2016-11-15 16:07:16,936 INFO [main] o.s.w.s.m.m.a.RequestMappingHandlerMapping [AbstractHandlerMethodMapping.java:543] Mapped "{[/api/log/profile]}" onto public java.lang.String cn.harmonycloud.k8s.oam.logapi.apiserver.GreetingController.getProfile()
2016-11-15 16:07:16,938 INFO [main] o.s.w.s.m.m.a.RequestMappingHandlerMapping [AbstractHandlerMethodMapping.java:543] Mapped "{[/error],produces=[text/html]}" onto public org.springframework.web.servlet.ModelAndView org.springframework.boot.autoconfigure.web.BasicErrorController.errorHtml(javax.servlet.http.HttpServletRequest,javax.servlet.http.HttpServletResponse)
2016-11-15 16:07:16,939 INFO [main] o.s.w.s.m.m.a.RequestMappingHandlerMapping [AbstractHandlerMethodMapping.java:543] Mapped "{[/error]}" onto public org.springframework.http.ResponseEntity<java.util.Map<java.lang.String, java.lang.Object>> org.springframework.boot.autoconfigure.web.BasicErrorController.error(javax.servlet.http.HttpServletRequest)
2016-11-15 16:07:16,990 INFO [main] o.s.w.s.h.SimpleUrlHandlerMapping [AbstractUrlHandlerMapping.java:354] Mapped URL path [/webjars/**] onto handler of type [class org.springframework.web.servlet.resource.ResourceHttpRequestHandler]
2016-11-15 16:07:16,991 INFO [main] o.s.w.s.h.SimpleUrlHandlerMapping [AbstractUrlHandlerMapping.java:354] Mapped URL path [/**] onto handler of type [class org.springframework.web.servlet.resource.ResourceHttpRequestHandler]
2016-11-15 16:07:17,056 INFO [main] o.s.w.s.h.SimpleUrlHandlerMapping [AbstractUrlHandlerMapping.java:354] Mapped URL path [/**/favicon.ico] onto handler of type [class org.springframework.web.servlet.resource.ResourceHttpRequestHandler]
2016-11-15 16:07:17,335 INFO [main] o.s.j.e.a.AnnotationMBeanExporter [MBeanExporter.java:431] Registering beans for JMX exposure on startup
2016-11-15 16:07:17,358 INFO [main] o.a.c.h.Http11NioProtocol [DirectJDKLog.java:179] Initializing ProtocolHandler ["http-nio-8081"]
2016-11-15 16:07:17,389 INFO [main] o.a.c.h.Http11NioProtocol [DirectJDKLog.java:179] Starting ProtocolHandler [http-nio-8081]
2016-11-15 16:07:17,393 INFO [main] o.a.t.u.n.NioSelectorPool [DirectJDKLog.java:179] Using a shared selector for servlet write/read
2016-11-15 16:07:17,405 INFO [main] o.s.b.c.e.t.TomcatEmbeddedServletContainer [TomcatEmbeddedServletContainer.java:185] Tomcat started on port(s): 8081 (http)
2016-11-15 16:07:17,411 INFO [main] c.h.k.o.l.App [StartupInfoLogger.java:57] Started App in 3.833 seconds (JVM running for 4.36)
2016-11-15 16:07:19,260 INFO [http-nio-8081-exec-1] o.a.c.c.C.[.[.[/] [DirectJDKLog.java:179] Initializing Spring FrameworkServlet 'dispatcherServlet'
2016-11-15 16:07:19,260 INFO [http-nio-8081-exec-1] o.s.w.s.DispatcherServlet [FrameworkServlet.java:489] FrameworkServlet 'dispatcherServlet': initialization started
2016-11-15 16:07:19,281 INFO [http-nio-8081-exec-1] o.s.w.s.DispatcherServlet [FrameworkServlet.java:508] FrameworkServlet 'dispatcherServlet': initialization completed in 21 ms
